2025-08-26 22:28:38.953 | INFO     | utils.utils_logger:<module>:38 - Logging to file: logs\project_log.log
2025-08-26 22:28:38.954 | INFO     | __main__:main:106 - START producer...
2025-08-26 22:28:38.954 | INFO     | __main__:main:107 - Hit CTRL c (or CMD c) to close.
2025-08-26 22:28:38.954 | INFO     | __main__:get_message_interval:53 - Messages will be sent every 3 seconds.
2025-08-26 22:28:38.955 | INFO     | __main__:main:114 - I just found a story! It was exciting.
2025-08-26 22:28:41.955 | INFO     | __main__:main:114 - I just saw a trick! It was exciting.
2025-08-26 22:28:44.957 | INFO     | __main__:main:114 - I just saw a story! It was boring.
2025-08-26 22:28:47.976 | INFO     | __main__:main:114 - I just loved a meme! It was amazing.
2025-08-26 22:28:50.977 | INFO     | __main__:main:114 - I just found a movie! It was funny.
2025-08-26 22:28:53.979 | INFO     | __main__:main:114 - I just loved a meme! It was boring.
2025-08-26 22:28:56.982 | INFO     | __main__:main:114 - I just found a meme! It was exciting.
2025-08-26 22:28:59.984 | INFO     | __main__:main:114 - I just loved a meme! It was amazing.
2025-08-26 22:29:02.984 | INFO     | __main__:main:114 - I just loved a meme! It was weird.
2025-08-26 22:29:05.986 | INFO     | __main__:main:114 - I just saw a movie! It was funny.
2025-08-26 22:29:08.987 | INFO     | __main__:main:114 - I just shared a meme! It was funny.
2025-08-26 22:29:11.989 | INFO     | __main__:main:114 - I just shared a story! It was boring.
2025-08-26 22:29:14.991 | INFO     | __main__:main:114 - I just found an app! It was funny.
2025-08-26 22:29:17.993 | INFO     | __main__:main:114 - I just loved an app! It was boring.
2025-08-26 22:29:20.995 | INFO     | __main__:main:114 - I just shared a trick! It was exciting.
2025-08-26 22:29:23.997 | INFO     | __main__:main:114 - I just loved a movie! It was weird.
2025-08-26 22:29:27.001 | INFO     | __main__:main:114 - I just shared an app! It was weird.
2025-08-26 22:29:30.002 | INFO     | __main__:main:114 - I just loved a story! It was funny.
2025-08-26 22:29:33.003 | INFO     | __main__:main:114 - I just saw a meme! It was boring.
2025-08-26 22:29:36.005 | INFO     | __main__:main:114 - I just shared a meme! It was weird.
2025-08-26 22:29:39.007 | INFO     | __main__:main:114 - I just loved a story! It was boring.
2025-08-26 22:29:42.009 | INFO     | __main__:main:114 - I just shared a trick! It was weird.
2025-08-26 22:29:45.010 | INFO     | __main__:main:114 - I just found a trick! It was amazing.
2025-08-26 22:29:48.012 | INFO     | __main__:main:114 - I just loved a movie! It was boring.
2025-08-26 22:29:51.014 | INFO     | __main__:main:114 - I just loved a story! It was amazing.
2025-08-26 22:29:54.016 | INFO     | __main__:main:114 - I just found a trick! It was exciting.
2025-08-26 22:29:57.017 | INFO     | __main__:main:114 - I just shared a story! It was boring.
2025-08-26 22:30:00.019 | INFO     | __main__:main:114 - I just saw a movie! It was exciting.
2025-08-26 22:30:03.020 | INFO     | __main__:main:114 - I just loved a meme! It was funny.
2025-08-26 22:30:06.026 | INFO     | __main__:main:114 - I just shared a trick! It was exciting.
2025-08-26 22:30:09.037 | INFO     | __main__:main:114 - I just shared an app! It was funny.
2025-08-26 22:30:12.039 | INFO     | __main__:main:114 - I just tried a trick! It was amazing.
2025-08-26 22:30:15.044 | INFO     | __main__:main:114 - I just found a meme! It was amazing.
2025-08-26 22:30:18.060 | INFO     | __main__:main:114 - I just saw a trick! It was boring.
2025-08-26 22:30:21.061 | INFO     | __main__:main:114 - I just loved a story! It was weird.
2025-08-26 22:30:24.063 | INFO     | __main__:main:114 - I just tried a story! It was weird.
2025-08-26 22:30:27.066 | INFO     | __main__:main:114 - I just tried a movie! It was amazing.
2025-08-26 22:30:30.067 | INFO     | __main__:main:114 - I just found a trick! It was exciting.
2025-08-26 22:30:33.071 | INFO     | __main__:main:114 - I just shared an app! It was exciting.
2025-08-26 22:30:36.072 | INFO     | __main__:main:114 - I just tried a story! It was exciting.
2025-08-26 22:30:39.074 | INFO     | __main__:main:114 - I just loved a trick! It was amazing.
2025-08-26 22:30:42.075 | INFO     | __main__:main:114 - I just shared an app! It was exciting.
2025-08-26 22:30:45.077 | INFO     | __main__:main:114 - I just tried an app! It was amazing.
2025-08-26 22:30:48.078 | INFO     | __main__:main:114 - I just loved a trick! It was weird.
2025-08-26 22:30:51.079 | INFO     | __main__:main:114 - I just loved an app! It was funny.
2025-08-26 22:30:54.082 | INFO     | __main__:main:114 - I just loved a meme! It was weird.
2025-08-26 22:30:57.083 | INFO     | __main__:main:114 - I just saw a movie! It was exciting.
2025-08-26 22:31:00.084 | INFO     | __main__:main:114 - I just tried a trick! It was exciting.
2025-08-26 22:31:03.085 | INFO     | __main__:main:114 - I just tried a trick! It was exciting.
2025-08-26 22:31:06.088 | INFO     | __main__:main:114 - I just saw a trick! It was funny.
2025-08-26 22:31:09.091 | INFO     | __main__:main:114 - I just loved an app! It was amazing.
2025-08-26 22:31:12.092 | INFO     | __main__:main:114 - I just saw a trick! It was amazing.
2025-08-26 22:31:15.095 | INFO     | __main__:main:114 - I just loved an app! It was funny.
2025-08-26 22:31:18.097 | INFO     | __main__:main:114 - I just tried an app! It was boring.
2025-08-26 22:31:21.099 | INFO     | __main__:main:114 - I just loved a movie! It was amazing.
2025-08-26 22:31:24.101 | INFO     | __main__:main:114 - I just tried a trick! It was boring.
2025-08-26 22:31:27.103 | INFO     | __main__:main:114 - I just saw an app! It was funny.
2025-08-26 22:31:30.104 | INFO     | __main__:main:114 - I just found a trick! It was amazing.
2025-08-26 22:31:33.105 | INFO     | __main__:main:114 - I just saw an app! It was funny.
2025-08-26 22:31:36.106 | INFO     | __main__:main:114 - I just saw a trick! It was weird.
2025-08-26 22:31:39.108 | INFO     | __main__:main:114 - I just found a trick! It was boring.
2025-08-26 22:31:42.109 | INFO     | __main__:main:114 - I just found an app! It was weird.
2025-08-26 22:31:45.110 | INFO     | __main__:main:114 - I just shared a trick! It was exciting.
2025-08-26 22:31:48.112 | INFO     | __main__:main:114 - I just loved a movie! It was amazing.
2025-08-26 22:31:51.113 | INFO     | __main__:main:114 - I just saw a meme! It was amazing.
2025-08-26 22:31:54.115 | INFO     | __main__:main:114 - I just found a trick! It was weird.
2025-08-26 22:31:57.118 | INFO     | __main__:main:114 - I just saw a meme! It was funny.
2025-08-26 22:32:00.119 | INFO     | __main__:main:114 - I just tried an app! It was amazing.
2025-08-26 22:32:03.121 | INFO     | __main__:main:114 - I just saw a movie! It was exciting.
2025-08-26 22:32:06.123 | INFO     | __main__:main:114 - I just loved a meme! It was boring.
2025-08-26 22:32:09.124 | INFO     | __main__:main:114 - I just shared an app! It was weird.
2025-08-26 22:32:12.126 | INFO     | __main__:main:114 - I just shared a story! It was exciting.
2025-08-26 22:32:15.127 | INFO     | __main__:main:114 - I just saw a story! It was exciting.
2025-08-26 22:32:18.129 | INFO     | __main__:main:114 - I just saw a story! It was funny.
2025-08-26 22:32:21.132 | INFO     | __main__:main:114 - I just loved a movie! It was weird.
2025-08-26 22:32:24.133 | INFO     | __main__:main:114 - I just shared a trick! It was boring.
2025-08-26 22:32:27.135 | INFO     | __main__:main:114 - I just saw a trick! It was boring.
2025-08-26 22:32:30.137 | INFO     | __main__:main:114 - I just shared an app! It was exciting.
2025-08-26 22:32:33.138 | INFO     | __main__:main:114 - I just saw a story! It was funny.
2025-08-26 22:32:36.139 | INFO     | __main__:main:114 - I just shared a story! It was exciting.
2025-08-26 22:32:39.141 | INFO     | __main__:main:114 - I just found an app! It was exciting.
2025-08-26 22:32:42.142 | INFO     | __main__:main:114 - I just shared a story! It was funny.
2025-08-26 22:32:45.144 | INFO     | __main__:main:114 - I just shared a movie! It was boring.
2025-08-26 22:32:48.145 | INFO     | __main__:main:114 - I just loved a story! It was funny.
2025-08-26 22:32:51.146 | INFO     | __main__:main:114 - I just shared a movie! It was weird.
2025-08-26 22:32:54.149 | INFO     | __main__:main:114 - I just saw a story! It was boring.
2025-08-26 22:32:57.151 | INFO     | __main__:main:114 - I just loved an app! It was boring.
2025-08-26 22:33:00.152 | INFO     | __main__:main:114 - I just saw a movie! It was exciting.
2025-08-26 22:33:03.153 | INFO     | __main__:main:114 - I just tried a meme! It was amazing.
2025-08-26 22:33:06.156 | INFO     | __main__:main:114 - I just saw a trick! It was amazing.
2025-08-26 22:33:09.158 | INFO     | __main__:main:114 - I just shared a meme! It was exciting.
2025-08-26 22:33:12.159 | INFO     | __main__:main:114 - I just found an app! It was exciting.
2025-08-26 22:33:15.160 | INFO     | __main__:main:114 - I just found a meme! It was weird.
2025-08-26 22:33:18.161 | INFO     | __main__:main:114 - I just loved a trick! It was boring.
2025-08-26 22:33:21.164 | INFO     | __main__:main:114 - I just found an app! It was amazing.
2025-08-26 22:33:24.165 | INFO     | __main__:main:114 - I just shared a story! It was funny.
2025-08-26 22:33:27.168 | INFO     | __main__:main:114 - I just loved an app! It was weird.
2025-08-26 22:33:30.169 | INFO     | __main__:main:114 - I just shared a trick! It was funny.
2025-08-26 22:33:33.171 | INFO     | __main__:main:114 - I just saw a story! It was amazing.
2025-08-26 22:33:36.173 | INFO     | __main__:main:114 - I just shared an app! It was amazing.
2025-08-26 22:33:39.174 | INFO     | __main__:main:114 - I just loved a trick! It was funny.
2025-08-26 22:33:42.176 | INFO     | __main__:main:114 - I just loved a trick! It was weird.
2025-08-26 22:33:45.177 | INFO     | __main__:main:114 - I just shared a meme! It was boring.
2025-08-26 22:33:48.178 | INFO     | __main__:main:114 - I just loved a movie! It was exciting.
2025-08-26 22:33:51.179 | INFO     | __main__:main:114 - I just saw a movie! It was exciting.
2025-08-26 22:33:54.180 | INFO     | __main__:main:114 - I just loved a movie! It was weird.
2025-08-26 22:33:57.182 | INFO     | __main__:main:114 - I just loved a story! It was weird.
2025-08-26 22:34:00.185 | INFO     | __main__:main:114 - I just shared a meme! It was boring.
2025-08-26 22:34:03.186 | INFO     | __main__:main:114 - I just tried a movie! It was amazing.
2025-08-26 22:34:06.188 | INFO     | __main__:main:114 - I just tried a trick! It was weird.
2025-08-26 22:34:09.190 | INFO     | __main__:main:114 - I just tried a story! It was boring.
2025-08-26 22:34:12.192 | INFO     | __main__:main:114 - I just tried an app! It was exciting.
2025-08-26 22:34:15.194 | INFO     | __main__:main:114 - I just loved a meme! It was amazing.
2025-08-26 22:34:18.197 | INFO     | __main__:main:114 - I just saw a trick! It was amazing.
2025-08-26 22:34:21.201 | INFO     | __main__:main:114 - I just found a movie! It was boring.
2025-08-26 22:34:24.203 | INFO     | __main__:main:114 - I just loved a movie! It was boring.
2025-08-26 22:34:27.205 | INFO     | __main__:main:114 - I just shared an app! It was boring.
2025-08-26 22:34:30.208 | INFO     | __main__:main:114 - I just found an app! It was weird.
2025-08-26 22:34:33.209 | INFO     | __main__:main:114 - I just loved a story! It was exciting.
2025-08-26 22:34:36.211 | INFO     | __main__:main:114 - I just tried a movie! It was boring.
2025-08-26 22:34:39.213 | INFO     | __main__:main:114 - I just shared a trick! It was amazing.
2025-08-26 22:34:42.214 | INFO     | __main__:main:114 - I just tried a meme! It was boring.
2025-08-26 22:34:45.216 | INFO     | __main__:main:114 - I just tried a meme! It was funny.
2025-08-26 22:34:48.219 | INFO     | __main__:main:114 - I just tried a story! It was weird.
2025-08-26 22:34:51.220 | INFO     | __main__:main:114 - I just shared an app! It was exciting.
2025-08-26 22:34:54.223 | INFO     | __main__:main:114 - I just tried a movie! It was amazing.
2025-08-26 22:34:57.224 | INFO     | __main__:main:114 - I just found a meme! It was funny.
2025-08-26 22:35:00.226 | INFO     | __main__:main:114 - I just shared a story! It was weird.
2025-08-26 22:35:03.227 | INFO     | __main__:main:114 - I just saw a story! It was weird.
2025-08-26 22:35:06.229 | INFO     | __main__:main:114 - I just found an app! It was weird.
2025-08-26 22:35:09.231 | INFO     | __main__:main:114 - I just tried a meme! It was amazing.
2025-08-26 22:35:12.232 | INFO     | __main__:main:114 - I just loved a trick! It was amazing.
2025-08-26 22:35:15.236 | INFO     | __main__:main:114 - I just saw a story! It was amazing.
2025-08-26 22:35:18.237 | INFO     | __main__:main:114 - I just shared an app! It was amazing.
2025-08-26 22:35:21.239 | INFO     | __main__:main:114 - I just found a trick! It was boring.
2025-08-26 22:35:24.240 | INFO     | __main__:main:114 - I just loved a trick! It was exciting.
2025-08-26 22:35:27.242 | INFO     | __main__:main:114 - I just tried a trick! It was amazing.
2025-08-26 22:35:30.244 | INFO     | __main__:main:114 - I just shared a movie! It was funny.
2025-08-26 22:35:33.245 | INFO     | __main__:main:114 - I just saw a meme! It was exciting.
2025-08-26 22:35:36.247 | INFO     | __main__:main:114 - I just saw a trick! It was funny.
2025-08-26 22:35:39.249 | INFO     | __main__:main:114 - I just saw a meme! It was weird.
2025-08-26 22:35:42.250 | INFO     | __main__:main:114 - I just found a movie! It was exciting.
2025-08-26 22:35:45.252 | INFO     | __main__:main:114 - I just found a movie! It was weird.
2025-08-26 22:35:48.255 | INFO     | __main__:main:114 - I just loved an app! It was weird.
2025-08-26 22:35:51.257 | INFO     | __main__:main:114 - I just saw a trick! It was amazing.
2025-08-26 22:35:54.259 | INFO     | __main__:main:114 - I just found a story! It was funny.
2025-08-26 22:35:57.260 | INFO     | __main__:main:114 - I just found a meme! It was boring.
2025-08-26 22:36:00.262 | INFO     | __main__:main:114 - I just saw a trick! It was weird.
2025-08-26 22:36:03.266 | INFO     | __main__:main:114 - I just tried a meme! It was boring.
2025-08-26 22:36:06.268 | INFO     | __main__:main:114 - I just saw a movie! It was amazing.
2025-08-26 22:36:09.271 | INFO     | __main__:main:114 - I just found a story! It was amazing.
2025-08-26 22:36:12.272 | INFO     | __main__:main:114 - I just saw a story! It was amazing.
2025-08-26 22:36:15.275 | INFO     | __main__:main:114 - I just found a trick! It was exciting.
2025-08-26 23:31:14.556 | INFO     | __main__:main:114 - I just saw a meme! It was exciting.
2025-08-26 23:31:17.627 | INFO     | __main__:main:114 - I just saw a story! It was boring.
2025-08-26 23:31:20.629 | INFO     | __main__:main:114 - I just tried a story! It was funny.
2025-08-26 23:31:23.630 | INFO     | __main__:main:114 - I just shared a story! It was funny.
2025-08-26 23:31:26.632 | INFO     | __main__:main:114 - I just found a trick! It was weird.
2025-08-26 23:31:29.634 | INFO     | __main__:main:114 - I just shared a meme! It was exciting.
2025-08-26 23:31:32.635 | INFO     | __main__:main:114 - I just tried a story! It was boring.
2025-08-26 23:31:35.636 | INFO     | __main__:main:114 - I just shared a story! It was funny.
2025-08-26 23:31:38.637 | INFO     | __main__:main:114 - I just saw a meme! It was amazing.
2025-08-26 23:31:41.640 | INFO     | __main__:main:114 - I just tried a movie! It was funny.
2025-08-26 23:31:44.644 | INFO     | __main__:main:114 - I just shared an app! It was weird.
2025-08-26 23:31:47.647 | INFO     | __main__:main:114 - I just loved an app! It was boring.
2025-08-26 23:31:50.648 | INFO     | __main__:main:114 - I just shared a story! It was exciting.
2025-08-26 23:31:53.649 | INFO     | __main__:main:114 - I just tried a trick! It was weird.
2025-08-26 23:31:56.651 | INFO     | __main__:main:114 - I just loved an app! It was boring.
2025-08-26 23:31:59.652 | INFO     | __main__:main:114 - I just loved a trick! It was amazing.
2025-08-26 23:32:02.654 | INFO     | __main__:main:114 - I just loved a trick! It was exciting.
2025-08-26 23:32:05.654 | INFO     | __main__:main:114 - I just found an app! It was amazing.
2025-08-26 23:32:08.656 | INFO     | __main__:main:114 - I just loved an app! It was amazing.
2025-08-26 23:32:11.659 | INFO     | __main__:main:114 - I just found a movie! It was funny.
2025-08-26 23:32:14.660 | INFO     | __main__:main:114 - I just shared a story! It was funny.
2025-08-26 23:32:17.661 | INFO     | __main__:main:114 - I just tried a trick! It was funny.
2025-08-26 23:32:20.663 | INFO     | __main__:main:114 - I just found an app! It was weird.
2025-08-26 23:32:23.664 | INFO     | __main__:main:114 - I just found a story! It was amazing.
2025-08-26 23:32:26.666 | INFO     | __main__:main:114 - I just tried a movie! It was amazing.
2025-08-26 23:32:29.667 | INFO     | __main__:main:114 - I just found a movie! It was funny.
2025-08-26 23:32:32.669 | INFO     | __main__:main:114 - I just loved a meme! It was amazing.
2025-08-26 23:32:35.688 | INFO     | __main__:main:114 - I just tried a movie! It was exciting.
2025-08-26 23:32:38.690 | INFO     | __main__:main:114 - I just found a meme! It was amazing.
2025-08-26 23:32:41.692 | INFO     | __main__:main:114 - I just tried a trick! It was amazing.
2025-08-26 23:32:44.695 | INFO     | __main__:main:114 - I just found a meme! It was boring.
2025-08-26 23:32:47.696 | INFO     | __main__:main:114 - I just found an app! It was funny.
2025-08-26 23:32:50.698 | INFO     | __main__:main:114 - I just tried an app! It was weird.
2025-08-26 23:32:53.700 | INFO     | __main__:main:114 - I just loved a trick! It was funny.
2025-08-26 23:32:56.701 | INFO     | __main__:main:114 - I just loved a trick! It was amazing.
2025-08-27 00:38:47.306 | INFO     | __main__:main:114 - I just saw an app! It was weird.
2025-08-27 11:10:37.603 | INFO     | __main__:main:114 - I just loved a trick! It was weird.
2025-08-27 11:10:40.660 | INFO     | __main__:main:114 - I just found a story! It was weird.
2025-08-27 21:25:44.472 | INFO     | __main__:main:114 - I just found a meme! It was boring.
2025-08-27 21:25:47.479 | INFO     | __main__:main:114 - I just shared a story! It was weird.
2025-08-27 21:25:50.555 | INFO     | __main__:main:114 - I just found an app! It was exciting.
2025-08-27 21:25:53.583 | INFO     | __main__:main:114 - I just shared a meme! It was weird.
2025-08-27 21:25:56.585 | INFO     | __main__:main:114 - I just found a meme! It was funny.
2025-08-27 21:25:59.586 | INFO     | __main__:main:114 - I just found a story! It was boring.
2025-08-27 21:26:02.587 | INFO     | __main__:main:114 - I just loved an app! It was boring.
2025-08-27 21:26:05.587 | INFO     | __main__:main:114 - I just found a story! It was funny.
2025-08-27 21:26:08.588 | INFO     | __main__:main:114 - I just tried a movie! It was funny.
2025-08-27 21:26:11.589 | INFO     | __main__:main:114 - I just found a story! It was amazing.
2025-08-27 21:26:14.590 | INFO     | __main__:main:114 - I just shared a trick! It was amazing.
2025-08-27 21:26:17.591 | INFO     | __main__:main:114 - I just found a meme! It was exciting.
2025-08-27 21:26:20.592 | INFO     | __main__:main:114 - I just saw a story! It was amazing.
2025-08-27 21:26:23.593 | INFO     | __main__:main:114 - I just found a meme! It was weird.
2025-08-27 21:26:26.595 | INFO     | __main__:main:114 - I just tried a story! It was amazing.
2025-08-27 21:26:29.596 | INFO     | __main__:main:114 - I just shared a movie! It was weird.
2025-08-27 21:26:32.597 | INFO     | __main__:main:114 - I just saw a trick! It was amazing.
2025-08-27 21:26:35.597 | INFO     | __main__:main:114 - I just tried a trick! It was boring.
2025-08-27 21:26:38.598 | INFO     | __main__:main:114 - I just shared an app! It was amazing.
2025-08-27 21:26:41.599 | INFO     | __main__:main:114 - I just tried a movie! It was funny.
2025-08-27 21:26:44.600 | INFO     | __main__:main:114 - I just tried a movie! It was exciting.
2025-08-27 21:26:47.601 | INFO     | __main__:main:114 - I just loved a story! It was boring.
2025-08-27 21:26:50.602 | INFO     | __main__:main:114 - I just loved a trick! It was boring.
2025-08-27 21:26:53.603 | INFO     | __main__:main:114 - I just saw a trick! It was weird.
2025-08-27 21:26:56.604 | INFO     | __main__:main:114 - I just loved a story! It was amazing.
2025-08-27 21:26:59.605 | INFO     | __main__:main:114 - I just tried a trick! It was funny.
2025-08-27 21:27:02.606 | INFO     | __main__:main:114 - I just tried a story! It was boring.
2025-08-27 21:27:05.606 | INFO     | __main__:main:114 - I just saw an app! It was exciting.
2025-08-27 21:27:08.607 | INFO     | __main__:main:114 - I just shared an app! It was boring.
2025-08-27 21:27:11.608 | INFO     | __main__:main:114 - I just saw a trick! It was exciting.
2025-08-27 21:27:14.609 | INFO     | __main__:main:114 - I just shared an app! It was amazing.
2025-08-27 21:27:17.610 | INFO     | __main__:main:114 - I just shared an app! It was exciting.
2025-08-27 21:27:20.611 | INFO     | __main__:main:114 - I just saw a meme! It was weird.
2025-08-27 21:27:23.614 | INFO     | __main__:main:114 - I just found an app! It was exciting.
2025-08-27 21:27:26.618 | INFO     | __main__:main:114 - I just loved a trick! It was boring.
2025-08-27 21:27:29.620 | INFO     | __main__:main:114 - I just found a movie! It was funny.
2025-08-27 21:27:32.622 | INFO     | __main__:main:114 - I just shared a story! It was weird.
2025-08-27 21:27:35.624 | INFO     | __main__:main:114 - I just found a trick! It was boring.
2025-08-27 21:27:38.627 | INFO     | __main__:main:114 - I just loved a story! It was funny.
2025-08-27 21:27:41.628 | INFO     | __main__:main:114 - I just shared a movie! It was amazing.
2025-08-27 21:27:44.629 | INFO     | __main__:main:114 - I just found a story! It was funny.
2025-08-27 21:27:47.632 | INFO     | __main__:main:114 - I just loved a meme! It was funny.
2025-08-27 21:27:50.633 | INFO     | __main__:main:114 - I just tried an app! It was exciting.
2025-08-27 21:27:53.635 | INFO     | __main__:main:114 - I just found a trick! It was funny.
2025-08-27 21:27:56.638 | INFO     | __main__:main:114 - I just saw a story! It was weird.
2025-08-27 21:27:59.640 | INFO     | __main__:main:114 - I just saw an app! It was weird.
2025-08-27 21:28:02.641 | INFO     | __main__:main:114 - I just saw a trick! It was funny.
2025-08-27 21:28:05.643 | INFO     | __main__:main:114 - I just loved an app! It was amazing.
2025-08-27 21:28:08.646 | INFO     | __main__:main:114 - I just saw a trick! It was amazing.
2025-08-27 21:28:11.650 | INFO     | __main__:main:114 - I just tried a trick! It was weird.
2025-08-27 21:28:14.652 | INFO     | __main__:main:114 - I just loved an app! It was boring.
2025-08-27 21:28:17.655 | INFO     | __main__:main:114 - I just saw a trick! It was funny.
2025-08-27 21:28:20.657 | INFO     | __main__:main:114 - I just tried an app! It was boring.
2025-08-27 21:28:23.658 | INFO     | __main__:main:114 - I just shared a trick! It was boring.
2025-08-27 21:28:26.660 | INFO     | __main__:main:114 - I just saw a story! It was weird.
2025-08-27 21:28:29.661 | INFO     | __main__:main:114 - I just saw a meme! It was boring.
2025-08-27 21:28:32.663 | INFO     | __main__:main:114 - I just loved a meme! It was weird.
2025-08-27 21:28:35.665 | INFO     | __main__:main:114 - I just saw a story! It was amazing.
2025-08-27 21:28:38.666 | INFO     | __main__:main:114 - I just tried an app! It was funny.
2025-08-27 21:28:41.667 | INFO     | __main__:main:114 - I just tried a trick! It was boring.
2025-08-27 21:28:44.669 | INFO     | __main__:main:114 - I just found a meme! It was amazing.
2025-08-27 21:28:47.672 | INFO     | __main__:main:114 - I just saw a movie! It was weird.
2025-08-27 21:28:50.675 | INFO     | __main__:main:114 - I just loved a meme! It was weird.
2025-08-27 21:28:53.677 | INFO     | __main__:main:114 - I just tried a story! It was exciting.
2025-08-27 21:28:56.678 | INFO     | __main__:main:114 - I just tried an app! It was amazing.
2025-08-27 21:28:59.681 | INFO     | __main__:main:114 - I just loved an app! It was weird.
2025-08-27 21:29:02.683 | INFO     | __main__:main:114 - I just shared an app! It was amazing.
2025-08-27 21:29:05.686 | INFO     | __main__:main:114 - I just saw a trick! It was weird.
2025-08-27 21:29:08.689 | INFO     | __main__:main:114 - I just loved a story! It was funny.
2025-08-27 21:29:11.690 | INFO     | __main__:main:114 - I just shared a trick! It was funny.
2025-08-27 21:29:14.691 | INFO     | __main__:main:114 - I just saw a story! It was funny.
2025-08-27 21:29:17.693 | INFO     | __main__:main:114 - I just shared a story! It was exciting.
2025-08-27 21:29:20.694 | INFO     | __main__:main:114 - I just saw a trick! It was funny.
2025-08-27 21:29:23.696 | INFO     | __main__:main:114 - I just saw a trick! It was amazing.
2025-08-27 21:29:26.698 | INFO     | __main__:main:114 - I just saw a movie! It was boring.
2025-08-27 21:29:29.699 | INFO     | __main__:main:114 - I just loved an app! It was amazing.
2025-08-27 21:29:32.700 | INFO     | __main__:main:114 - I just saw a trick! It was exciting.
2025-08-27 21:29:35.701 | INFO     | __main__:main:114 - I just loved a meme! It was exciting.
2025-08-27 21:29:38.704 | INFO     | __main__:main:114 - I just found a trick! It was exciting.
2025-08-27 21:29:41.707 | INFO     | __main__:main:114 - I just loved a movie! It was exciting.
2025-08-27 21:29:44.708 | INFO     | __main__:main:114 - I just saw an app! It was exciting.
2025-08-27 21:29:47.710 | INFO     | __main__:main:114 - I just tried an app! It was amazing.
2025-08-27 21:29:50.711 | INFO     | __main__:main:114 - I just loved a story! It was boring.
2025-08-27 21:29:53.712 | INFO     | __main__:main:114 - I just shared a story! It was funny.
2025-08-27 21:29:56.714 | INFO     | __main__:main:114 - I just loved a trick! It was funny.
2025-08-27 21:29:59.715 | INFO     | __main__:main:114 - I just loved an app! It was weird.
2025-08-27 21:30:02.717 | INFO     | __main__:main:114 - I just found a movie! It was exciting.
2025-08-27 21:30:05.718 | INFO     | __main__:main:114 - I just shared an app! It was amazing.
2025-08-27 21:30:08.720 | INFO     | __main__:main:114 - I just tried an app! It was weird.
2025-08-27 21:30:11.722 | INFO     | __main__:main:114 - I just shared a meme! It was funny.
2025-08-27 21:30:14.723 | INFO     | __main__:main:114 - I just loved a meme! It was boring.
2025-08-27 21:30:17.724 | INFO     | __main__:main:114 - I just tried an app! It was amazing.
2025-08-27 21:30:20.726 | INFO     | __main__:main:114 - I just shared a story! It was amazing.
2025-08-27 21:30:23.728 | INFO     | __main__:main:114 - I just saw a trick! It was amazing.
2025-08-27 21:30:26.732 | INFO     | __main__:main:114 - I just found a meme! It was weird.
2025-08-27 21:30:29.733 | INFO     | __main__:main:114 - I just saw a meme! It was exciting.
2025-08-27 21:30:32.735 | INFO     | __main__:main:114 - I just loved a movie! It was exciting.
2025-08-27 21:30:35.736 | INFO     | __main__:main:114 - I just found a story! It was exciting.
2025-08-27 21:30:38.737 | INFO     | __main__:main:114 - I just shared a meme! It was weird.
2025-08-27 21:30:41.739 | INFO     | __main__:main:114 - I just saw a story! It was exciting.
2025-08-27 21:30:44.740 | INFO     | __main__:main:114 - I just found a trick! It was weird.
2025-08-27 21:30:47.741 | INFO     | __main__:main:114 - I just saw a movie! It was boring.
2025-08-27 21:30:50.744 | INFO     | __main__:main:114 - I just saw a story! It was amazing.
2025-08-27 21:30:53.745 | INFO     | __main__:main:114 - I just shared a meme! It was boring.
2025-08-27 21:30:56.746 | INFO     | __main__:main:114 - I just loved an app! It was weird.
2025-08-27 21:30:59.747 | INFO     | __main__:main:114 - I just loved a story! It was funny.
2025-08-27 21:31:02.749 | INFO     | __main__:main:114 - I just found a movie! It was weird.
2025-08-27 21:31:05.755 | INFO     | __main__:main:114 - I just shared a story! It was funny.
2025-08-27 21:31:08.756 | INFO     | __main__:main:114 - I just tried a story! It was funny.
2025-08-27 21:31:11.757 | INFO     | __main__:main:114 - I just saw a meme! It was weird.
2025-08-27 21:31:14.759 | INFO     | __main__:main:114 - I just saw an app! It was boring.
2025-08-27 21:31:17.761 | INFO     | __main__:main:114 - I just found a story! It was exciting.
2025-08-27 21:31:20.762 | INFO     | __main__:main:114 - I just loved an app! It was boring.
2025-08-27 21:31:23.763 | INFO     | __main__:main:114 - I just saw a trick! It was boring.
2025-08-27 21:31:26.765 | INFO     | __main__:main:114 - I just found a story! It was funny.
2025-08-27 21:31:29.766 | INFO     | __main__:main:114 - I just saw a trick! It was amazing.
2025-08-27 21:31:32.767 | INFO     | __main__:main:114 - I just saw a story! It was exciting.
2025-08-27 21:31:35.769 | INFO     | __main__:main:114 - I just found an app! It was exciting.
2025-08-27 21:31:38.770 | INFO     | __main__:main:114 - I just saw a trick! It was exciting.
2025-08-27 21:31:41.772 | INFO     | __main__:main:114 - I just loved a story! It was boring.
2025-08-27 21:31:44.774 | INFO     | __main__:main:114 - I just saw a movie! It was funny.
2025-08-27 21:31:47.777 | INFO     | __main__:main:114 - I just found a meme! It was amazing.
2025-08-27 21:31:50.778 | INFO     | __main__:main:114 - I just loved an app! It was weird.
2025-08-27 21:31:53.779 | INFO     | __main__:main:114 - I just shared a story! It was amazing.
2025-08-27 21:31:56.781 | INFO     | __main__:main:114 - I just tried a movie! It was boring.
2025-08-27 21:31:59.784 | INFO     | __main__:main:114 - I just shared an app! It was amazing.
2025-08-27 21:32:02.788 | INFO     | __main__:main:114 - I just found a story! It was amazing.
2025-08-27 21:32:05.790 | INFO     | __main__:main:114 - I just tried a trick! It was weird.
2025-08-27 21:32:08.792 | INFO     | __main__:main:114 - I just loved an app! It was funny.
2025-08-27 21:32:11.793 | INFO     | __main__:main:114 - I just shared an app! It was exciting.
2025-08-27 21:32:14.796 | INFO     | __main__:main:114 - I just loved an app! It was weird.
2025-08-27 21:32:17.797 | INFO     | __main__:main:114 - I just found a story! It was exciting.
2025-08-27 21:32:20.799 | INFO     | __main__:main:114 - I just loved a meme! It was amazing.
2025-08-27 21:32:23.800 | INFO     | __main__:main:114 - I just loved a story! It was boring.
2025-08-27 21:32:26.802 | INFO     | __main__:main:114 - I just loved a meme! It was weird.
2025-08-27 21:32:29.804 | INFO     | __main__:main:114 - I just shared a story! It was exciting.
2025-08-27 21:32:32.805 | INFO     | __main__:main:114 - I just found a trick! It was boring.
2025-08-27 21:32:35.807 | INFO     | __main__:main:114 - I just tried a movie! It was boring.
2025-08-27 21:32:38.810 | INFO     | __main__:main:114 - I just loved a story! It was exciting.
2025-08-27 21:32:41.811 | INFO     | __main__:main:114 - I just found a movie! It was weird.
2025-08-27 21:32:44.813 | INFO     | __main__:main:114 - I just loved an app! It was boring.
2025-08-27 21:32:47.816 | INFO     | __main__:main:114 - I just loved a story! It was weird.
2025-08-27 21:32:50.817 | INFO     | __main__:main:114 - I just loved a trick! It was weird.
2025-08-27 21:32:53.818 | INFO     | __main__:main:114 - I just saw an app! It was funny.
2025-08-27 21:32:56.819 | INFO     | __main__:main:114 - I just saw a story! It was funny.
2025-08-27 21:32:59.823 | INFO     | __main__:main:114 - I just loved a meme! It was boring.
2025-08-27 21:33:02.824 | INFO     | __main__:main:114 - I just loved an app! It was funny.
2025-08-27 21:33:05.828 | INFO     | __main__:main:114 - I just saw a meme! It was weird.
2025-08-27 21:33:08.830 | INFO     | __main__:main:114 - I just shared a trick! It was weird.
2025-08-27 21:33:11.831 | INFO     | __main__:main:114 - I just loved a movie! It was funny.
2025-08-27 21:33:14.832 | INFO     | __main__:main:114 - I just loved a meme! It was funny.
2025-08-27 21:33:17.834 | INFO     | __main__:main:114 - I just tried a movie! It was weird.
2025-08-27 21:33:20.835 | INFO     | __main__:main:114 - I just saw an app! It was boring.
2025-08-27 21:33:23.836 | INFO     | __main__:main:114 - I just shared a story! It was exciting.
2025-08-27 21:33:26.838 | INFO     | __main__:main:114 - I just found a story! It was boring.
2025-08-27 21:33:29.840 | INFO     | __main__:main:114 - I just shared an app! It was funny.
2025-08-27 21:33:32.843 | INFO     | __main__:main:114 - I just saw an app! It was weird.
2025-08-27 21:33:35.844 | INFO     | __main__:main:114 - I just saw a movie! It was exciting.
2025-08-27 21:33:38.845 | INFO     | __main__:main:114 - I just shared a trick! It was exciting.
2025-08-27 21:33:41.849 | INFO     | __main__:main:114 - I just shared a story! It was amazing.
2025-08-27 21:33:44.852 | INFO     | __main__:main:114 - I just saw a meme! It was boring.
2025-08-27 21:33:47.853 | INFO     | __main__:main:114 - I just shared a trick! It was boring.
2025-08-27 21:33:50.854 | INFO     | __main__:main:114 - I just found a trick! It was weird.
2025-08-27 21:33:53.855 | INFO     | __main__:main:114 - I just shared a story! It was boring.
2025-08-27 21:33:56.857 | INFO     | __main__:main:114 - I just tried a story! It was weird.
2025-08-27 21:33:59.861 | INFO     | __main__:main:114 - I just saw a movie! It was funny.
2025-08-27 21:34:02.862 | INFO     | __main__:main:114 - I just loved a trick! It was amazing.
2025-08-27 21:34:05.864 | INFO     | __main__:main:114 - I just saw a trick! It was weird.
2025-08-27 21:34:08.865 | INFO     | __main__:main:114 - I just shared a movie! It was boring.
2025-08-27 21:34:11.866 | INFO     | __main__:main:114 - I just loved an app! It was funny.
2025-08-27 21:34:14.867 | INFO     | __main__:main:114 - I just loved a movie! It was boring.
2025-08-27 21:34:17.870 | INFO     | __main__:main:114 - I just tried a story! It was funny.
2025-08-27 21:34:20.872 | INFO     | __main__:main:114 - I just found a movie! It was amazing.
2025-08-27 21:34:23.877 | INFO     | __main__:main:114 - I just saw an app! It was funny.
2025-08-27 21:34:26.878 | INFO     | __main__:main:114 - I just found a meme! It was amazing.
2025-08-27 21:34:29.879 | INFO     | __main__:main:114 - I just tried a story! It was boring.
2025-08-27 21:34:32.880 | INFO     | __main__:main:114 - I just tried a story! It was funny.
2025-08-27 21:34:35.881 | INFO     | __main__:main:114 - I just loved a meme! It was funny.
2025-08-27 21:34:38.882 | INFO     | __main__:main:114 - I just loved an app! It was exciting.
2025-08-27 21:34:41.883 | INFO     | __main__:main:114 - I just loved a meme! It was amazing.
2025-08-27 21:34:44.885 | INFO     | __main__:main:114 - I just saw a meme! It was weird.
2025-08-27 21:34:47.887 | INFO     | __main__:main:114 - I just shared a story! It was funny.
2025-08-27 21:34:50.888 | INFO     | __main__:main:114 - I just tried a story! It was amazing.
2025-08-27 21:34:53.891 | INFO     | __main__:main:114 - I just found a story! It was weird.
2025-08-27 21:34:56.893 | INFO     | __main__:main:114 - I just shared a story! It was funny.
2025-08-27 21:34:59.894 | INFO     | __main__:main:114 - I just tried a meme! It was boring.
2025-08-27 21:35:02.897 | INFO     | __main__:main:114 - I just found a trick! It was weird.
2025-08-27 21:35:05.898 | INFO     | __main__:main:114 - I just found a trick! It was exciting.
2025-08-27 21:35:08.899 | INFO     | __main__:main:114 - I just found a meme! It was boring.
2025-08-27 21:35:11.901 | INFO     | __main__:main:114 - I just loved a trick! It was funny.
2025-08-27 21:35:14.902 | INFO     | __main__:main:114 - I just found an app! It was boring.
2025-08-27 21:35:17.904 | INFO     | __main__:main:114 - I just tried a movie! It was weird.
2025-08-27 21:35:20.905 | INFO     | __main__:main:114 - I just loved a meme! It was funny.
2025-08-27 21:35:23.906 | INFO     | __main__:main:114 - I just shared an app! It was weird.
2025-08-27 21:35:26.907 | INFO     | __main__:main:114 - I just tried a movie! It was weird.
2025-08-27 21:35:29.908 | INFO     | __main__:main:114 - I just saw a meme! It was boring.
2025-08-27 21:35:32.910 | INFO     | __main__:main:114 - I just found a trick! It was weird.
2025-08-27 21:35:35.911 | INFO     | __main__:main:114 - I just loved an app! It was amazing.
2025-08-27 21:35:38.912 | INFO     | __main__:main:114 - I just shared a story! It was boring.
2025-08-27 21:35:41.914 | INFO     | __main__:main:114 - I just tried a meme! It was weird.
2025-08-27 21:35:44.915 | INFO     | __main__:main:114 - I just tried a trick! It was boring.
2025-08-27 21:35:47.917 | INFO     | __main__:main:114 - I just tried a trick! It was funny.
2025-08-27 21:35:50.918 | INFO     | __main__:main:114 - I just tried a trick! It was amazing.
2025-08-27 21:35:53.920 | INFO     | __main__:main:114 - I just saw an app! It was exciting.
2025-08-27 21:35:56.921 | INFO     | __main__:main:114 - I just found a meme! It was boring.
2025-08-27 21:35:59.922 | INFO     | __main__:main:114 - I just saw a meme! It was funny.
2025-08-27 21:36:02.924 | INFO     | __main__:main:114 - I just saw an app! It was boring.
2025-08-27 21:36:05.926 | INFO     | __main__:main:114 - I just tried a movie! It was weird.
2025-08-27 21:36:08.928 | INFO     | __main__:main:114 - I just loved a story! It was exciting.
2025-08-27 21:36:11.929 | INFO     | __main__:main:114 - I just found a trick! It was boring.
2025-08-27 21:36:14.930 | INFO     | __main__:main:114 - I just tried a movie! It was amazing.
2025-08-27 21:36:17.932 | INFO     | __main__:main:114 - I just loved a story! It was boring.
2025-08-27 21:36:20.934 | INFO     | __main__:main:114 - I just saw an app! It was funny.
2025-08-27 21:36:23.936 | INFO     | __main__:main:114 - I just saw a movie! It was funny.
2025-08-27 21:36:26.937 | INFO     | __main__:main:114 - I just found a movie! It was funny.
2025-08-27 21:36:29.938 | INFO     | __main__:main:114 - I just shared a trick! It was boring.
2025-08-27 21:36:32.940 | INFO     | __main__:main:114 - I just saw a meme! It was boring.
2025-08-27 21:36:35.941 | INFO     | __main__:main:114 - I just tried a trick! It was amazing.
2025-08-27 21:36:38.943 | INFO     | __main__:main:114 - I just saw an app! It was amazing.
2025-08-27 21:36:41.944 | INFO     | __main__:main:114 - I just shared a trick! It was amazing.
2025-08-27 21:36:44.946 | INFO     | __main__:main:114 - I just tried a movie! It was weird.
2025-08-27 21:36:47.947 | INFO     | __main__:main:114 - I just tried a trick! It was amazing.
2025-08-27 21:36:50.949 | INFO     | __main__:main:114 - I just saw an app! It was weird.
2025-08-27 21:36:53.950 | INFO     | __main__:main:114 - I just loved a movie! It was weird.
2025-08-27 21:36:56.954 | INFO     | __main__:main:114 - I just loved a meme! It was funny.
2025-08-27 21:36:59.956 | INFO     | __main__:main:114 - I just saw an app! It was amazing.
2025-08-27 21:37:02.958 | INFO     | __main__:main:114 - I just tried a movie! It was exciting.
2025-08-27 21:37:05.959 | INFO     | __main__:main:114 - I just tried a trick! It was boring.
2025-08-27 21:37:08.960 | INFO     | __main__:main:114 - I just loved a story! It was boring.
2025-08-27 21:37:11.962 | INFO     | __main__:main:114 - I just loved a movie! It was exciting.
2025-08-27 21:37:14.963 | INFO     | __main__:main:114 - I just found a movie! It was amazing.
2025-08-27 21:37:17.964 | INFO     | __main__:main:114 - I just shared a meme! It was funny.
2025-08-27 21:37:20.966 | INFO     | __main__:main:114 - I just found an app! It was amazing.
2025-08-27 21:37:23.968 | INFO     | __main__:main:114 - I just tried a story! It was exciting.
2025-08-27 21:37:26.971 | INFO     | __main__:main:114 - I just saw a meme! It was weird.
2025-08-27 21:37:29.972 | INFO     | __main__:main:114 - I just found a story! It was exciting.
2025-08-27 21:37:32.973 | INFO     | __main__:main:114 - I just shared a trick! It was funny.
2025-08-27 21:37:35.975 | INFO     | __main__:main:114 - I just tried a movie! It was exciting.
2025-08-27 21:37:38.977 | INFO     | __main__:main:114 - I just loved a story! It was amazing.
2025-08-27 21:37:41.980 | INFO     | __main__:main:114 - I just saw a story! It was exciting.
2025-08-27 21:37:44.981 | INFO     | __main__:main:114 - I just shared an app! It was weird.
2025-08-27 21:37:47.982 | INFO     | __main__:main:114 - I just tried a meme! It was boring.
2025-08-27 21:37:50.984 | INFO     | __main__:main:114 - I just saw a meme! It was boring.
2025-08-27 21:37:53.985 | INFO     | __main__:main:114 - I just shared a meme! It was weird.
2025-08-27 21:37:56.986 | INFO     | __main__:main:114 - I just loved a story! It was amazing.
2025-08-27 21:37:59.990 | INFO     | __main__:main:114 - I just tried a movie! It was funny.
2025-08-27 21:38:02.991 | INFO     | __main__:main:114 - I just tried a movie! It was amazing.
2025-08-27 21:38:05.992 | INFO     | __main__:main:114 - I just saw a trick! It was boring.
2025-08-27 21:38:08.994 | INFO     | __main__:main:114 - I just found a story! It was exciting.
2025-08-27 21:38:11.995 | INFO     | __main__:main:114 - I just found a trick! It was amazing.
2025-08-27 21:38:14.996 | INFO     | __main__:main:114 - I just found a meme! It was amazing.
2025-08-27 21:38:17.998 | INFO     | __main__:main:114 - I just tried a trick! It was weird.
2025-08-27 21:38:20.999 | INFO     | __main__:main:114 - I just found an app! It was amazing.
2025-08-27 21:38:24.001 | INFO     | __main__:main:114 - I just loved a story! It was boring.
2025-08-27 21:38:27.002 | INFO     | __main__:main:114 - I just found a meme! It was exciting.
2025-08-27 21:38:30.004 | INFO     | __main__:main:114 - I just shared a meme! It was exciting.
2025-08-27 21:38:33.006 | INFO     | __main__:main:114 - I just found a meme! It was amazing.
2025-08-27 21:38:36.007 | INFO     | __main__:main:114 - I just tried a meme! It was exciting.
2025-08-27 21:38:39.009 | INFO     | __main__:main:114 - I just tried a meme! It was funny.
2025-08-27 21:38:42.011 | INFO     | __main__:main:114 - I just shared an app! It was exciting.
2025-08-27 21:38:45.012 | INFO     | __main__:main:114 - I just saw an app! It was weird.
2025-08-27 23:47:41.867 | INFO     | __main__:main:114 - I just saw a movie! It was funny.
2025-08-27 23:47:45.059 | INFO     | __main__:main:114 - I just found a trick! It was weird.
2025-08-28 21:51:36.933 | INFO     | __main__:main:114 - I just found a story! It was boring.
2025-08-28 21:51:40.004 | INFO     | __main__:main:114 - I just found a movie! It was boring.
2025-08-28 21:51:43.006 | INFO     | __main__:main:114 - I just loved an app! It was funny.
2025-08-28 21:51:46.007 | INFO     | __main__:main:114 - I just tried an app! It was weird.
2025-08-28 21:51:49.008 | INFO     | __main__:main:114 - I just saw an app! It was exciting.
2025-08-28 21:51:52.009 | INFO     | __main__:main:114 - I just saw a story! It was weird.
2025-08-28 21:51:55.010 | INFO     | __main__:main:114 - I just saw a meme! It was weird.
2025-08-28 21:51:58.011 | INFO     | __main__:main:114 - I just found a movie! It was exciting.
2025-08-28 21:52:01.012 | INFO     | __main__:main:114 - I just shared a story! It was weird.
2025-08-28 21:52:04.013 | INFO     | __main__:main:114 - I just shared a trick! It was funny.
2025-08-28 21:52:07.014 | INFO     | __main__:main:114 - I just tried a movie! It was weird.
2025-08-28 21:52:10.015 | INFO     | __main__:main:114 - I just shared a meme! It was exciting.
2025-08-28 21:52:13.016 | INFO     | __main__:main:114 - I just saw a meme! It was exciting.
2025-08-28 21:52:16.017 | INFO     | __main__:main:114 - I just saw a story! It was boring.
2025-08-28 21:52:19.018 | INFO     | __main__:main:114 - I just loved a movie! It was boring.
2025-08-28 21:52:22.019 | INFO     | __main__:main:114 - I just tried a story! It was amazing.
2025-08-28 21:52:25.020 | INFO     | __main__:main:114 - I just found a movie! It was exciting.
2025-08-28 21:52:28.021 | INFO     | __main__:main:114 - I just tried a movie! It was funny.
2025-08-28 21:52:31.022 | INFO     | __main__:main:114 - I just loved a meme! It was boring.
2025-08-28 21:52:34.023 | INFO     | __main__:main:114 - I just tried a trick! It was amazing.
2025-08-28 21:52:39.136 | INFO     | __main__:main:114 - I just saw a story! It was weird.
2025-08-28 21:52:42.136 | INFO     | __main__:main:114 - I just shared a movie! It was exciting.
2025-08-28 21:52:45.137 | INFO     | __main__:main:114 - I just tried a story! It was boring.
2025-08-28 21:52:48.138 | INFO     | __main__:main:114 - I just found an app! It was boring.
2025-08-28 21:52:51.140 | INFO     | __main__:main:114 - I just shared a trick! It was funny.
2025-08-28 21:52:54.141 | INFO     | __main__:main:114 - I just found an app! It was exciting.
2025-08-28 21:52:57.146 | INFO     | __main__:main:114 - I just loved a story! It was exciting.
2025-08-28 21:53:00.146 | INFO     | __main__:main:114 - I just loved a movie! It was weird.
2025-08-28 21:53:03.147 | INFO     | __main__:main:114 - I just loved a trick! It was funny.
2025-08-28 21:53:06.148 | INFO     | __main__:main:114 - I just found a story! It was amazing.
2025-08-28 21:53:09.148 | INFO     | __main__:main:114 - I just loved a story! It was weird.
2025-08-28 21:53:12.150 | INFO     | __main__:main:114 - I just tried a meme! It was exciting.
2025-08-28 21:53:15.151 | INFO     | __main__:main:114 - I just loved a movie! It was boring.
2025-08-28 21:53:18.152 | INFO     | __main__:main:114 - I just found a story! It was weird.
2025-08-28 21:53:21.154 | INFO     | __main__:main:114 - I just loved a movie! It was exciting.
2025-08-28 21:53:24.155 | INFO     | __main__:main:114 - I just tried a story! It was boring.
2025-08-28 21:53:27.157 | INFO     | __main__:main:114 - I just shared a story! It was funny.
2025-08-28 21:53:30.158 | INFO     | __main__:main:114 - I just found a meme! It was exciting.
2025-08-28 21:53:33.159 | INFO     | __main__:main:114 - I just saw a trick! It was amazing.
2025-08-28 21:53:36.160 | INFO     | __main__:main:114 - I just tried a meme! It was weird.
2025-08-28 21:53:39.162 | INFO     | __main__:main:114 - I just saw a meme! It was funny.
2025-08-28 21:53:42.163 | INFO     | __main__:main:114 - I just saw a movie! It was funny.
2025-08-28 21:53:45.166 | INFO     | __main__:main:114 - I just shared an app! It was weird.
2025-08-28 21:53:48.168 | INFO     | __main__:main:114 - I just found an app! It was boring.
2025-08-28 21:53:51.169 | INFO     | __main__:main:114 - I just tried an app! It was weird.
2025-08-28 21:53:54.170 | INFO     | __main__:main:114 - I just loved a movie! It was amazing.
2025-08-28 21:53:57.171 | INFO     | __main__:main:114 - I just loved a meme! It was funny.
2025-08-28 21:54:00.173 | INFO     | __main__:main:114 - I just saw an app! It was amazing.
2025-08-28 21:54:03.174 | INFO     | __main__:main:114 - I just saw a story! It was boring.
2025-08-28 21:54:06.175 | INFO     | __main__:main:114 - I just tried a meme! It was boring.
2025-08-28 21:54:09.178 | INFO     | __main__:main:114 - I just shared a trick! It was amazing.
2025-08-28 21:54:12.179 | INFO     | __main__:main:114 - I just saw a story! It was amazing.
2025-08-28 21:54:15.180 | INFO     | __main__:main:114 - I just loved a trick! It was funny.
2025-08-28 21:54:18.181 | INFO     | __main__:main:114 - I just found a trick! It was weird.
2025-08-28 21:54:21.183 | INFO     | __main__:main:114 - I just loved a meme! It was boring.
2025-08-28 21:54:24.184 | INFO     | __main__:main:114 - I just loved a trick! It was amazing.
2025-08-28 21:54:27.185 | INFO     | __main__:main:114 - I just shared a trick! It was funny.
2025-08-28 21:54:30.187 | INFO     | __main__:main:114 - I just loved an app! It was amazing.
2025-08-28 21:54:33.189 | INFO     | __main__:main:114 - I just saw a trick! It was amazing.
2025-08-28 21:54:36.190 | INFO     | __main__:main:114 - I just shared a trick! It was exciting.
2025-08-28 21:54:39.191 | INFO     | __main__:main:114 - I just tried a meme! It was amazing.
2025-08-28 21:54:42.192 | INFO     | __main__:main:114 - I just tried a meme! It was boring.
2025-08-28 21:54:45.194 | INFO     | __main__:main:114 - I just shared a movie! It was boring.
2025-08-28 21:54:48.197 | INFO     | __main__:main:114 - I just found an app! It was amazing.
2025-08-28 21:54:51.199 | INFO     | __main__:main:114 - I just found a movie! It was weird.
2025-08-28 21:54:54.201 | INFO     | __main__:main:114 - I just shared a story! It was weird.
2025-08-28 21:54:57.202 | INFO     | __main__:main:114 - I just found an app! It was boring.
2025-08-28 21:55:00.203 | INFO     | __main__:main:114 - I just shared a meme! It was boring.
2025-08-28 21:55:03.208 | INFO     | __main__:main:114 - I just tried an app! It was amazing.
2025-08-28 21:55:06.212 | INFO     | __main__:main:114 - I just loved a trick! It was boring.
2025-08-28 21:55:09.214 | INFO     | __main__:main:114 - I just found a story! It was funny.
2025-08-28 21:55:12.215 | INFO     | __main__:main:114 - I just shared a story! It was amazing.
2025-08-28 21:55:15.218 | INFO     | __main__:main:114 - I just saw a trick! It was weird.
2025-08-28 21:55:18.219 | INFO     | __main__:main:114 - I just shared a meme! It was exciting.
2025-08-28 21:55:21.221 | INFO     | __main__:main:114 - I just found an app! It was exciting.
2025-08-28 21:55:24.224 | INFO     | __main__:main:114 - I just loved a story! It was amazing.
2025-08-28 21:55:27.226 | INFO     | __main__:main:114 - I just tried a story! It was funny.
2025-08-28 21:55:30.227 | INFO     | __main__:main:114 - I just tried a story! It was exciting.
2025-08-28 21:55:33.228 | INFO     | __main__:main:114 - I just loved a movie! It was funny.
2025-08-28 21:55:36.229 | INFO     | __main__:main:114 - I just loved a story! It was funny.
2025-08-28 21:55:39.230 | INFO     | __main__:main:114 - I just shared a story! It was weird.
2025-08-28 21:55:42.232 | INFO     | __main__:main:114 - I just found an app! It was boring.
2025-08-28 21:55:45.233 | INFO     | __main__:main:114 - I just shared a movie! It was amazing.
2025-08-28 21:55:48.234 | INFO     | __main__:main:114 - I just tried a story! It was weird.
2025-08-28 21:55:51.236 | INFO     | __main__:main:114 - I just found a story! It was amazing.
2025-08-28 21:55:54.237 | INFO     | __main__:main:114 - I just saw an app! It was amazing.
2025-08-28 21:55:57.239 | INFO     | __main__:main:114 - I just tried a movie! It was amazing.
2025-08-28 21:56:00.242 | INFO     | __main__:main:114 - I just saw an app! It was exciting.
2025-08-28 21:56:03.243 | INFO     | __main__:main:114 - I just found a movie! It was amazing.
2025-08-28 21:56:06.244 | INFO     | __main__:main:114 - I just shared an app! It was boring.
2025-08-28 21:56:09.246 | INFO     | __main__:main:114 - I just loved a story! It was funny.
2025-08-28 21:56:12.247 | INFO     | __main__:main:114 - I just loved a trick! It was weird.
2025-08-28 21:56:15.249 | INFO     | __main__:main:114 - I just shared a trick! It was exciting.
2025-08-28 21:56:18.252 | INFO     | __main__:main:114 - I just saw a story! It was boring.
2025-08-28 21:56:21.254 | INFO     | __main__:main:114 - I just found an app! It was funny.
2025-08-28 21:56:24.255 | INFO     | __main__:main:114 - I just shared an app! It was funny.
2025-08-28 21:56:27.258 | INFO     | __main__:main:114 - I just loved a movie! It was boring.
2025-08-28 21:56:30.261 | INFO     | __main__:main:114 - I just shared a movie! It was exciting.
2025-08-28 21:56:33.264 | INFO     | __main__:main:114 - I just tried an app! It was boring.
2025-08-28 21:56:36.265 | INFO     | __main__:main:114 - I just shared a trick! It was exciting.
2025-08-28 21:56:39.269 | INFO     | __main__:main:114 - I just saw an app! It was amazing.
2025-08-28 21:56:42.271 | INFO     | __main__:main:114 - I just loved a movie! It was boring.
2025-08-28 21:56:45.273 | INFO     | __main__:main:114 - I just shared a movie! It was amazing.
2025-08-28 21:56:48.274 | INFO     | __main__:main:114 - I just loved an app! It was exciting.
2025-08-28 21:56:51.276 | INFO     | __main__:main:114 - I just shared a trick! It was boring.
2025-08-28 21:56:54.278 | INFO     | __main__:main:114 - I just found an app! It was funny.
2025-08-28 21:56:57.279 | INFO     | __main__:main:114 - I just shared a trick! It was exciting.
2025-08-28 21:57:00.281 | INFO     | __main__:main:114 - I just shared a meme! It was weird.
2025-08-28 21:57:03.284 | INFO     | __main__:main:114 - I just loved an app! It was funny.
2025-08-28 21:57:06.289 | INFO     | __main__:main:114 - I just found a movie! It was funny.
2025-08-28 21:57:09.290 | INFO     | __main__:main:114 - I just saw a trick! It was weird.
2025-08-28 21:57:12.291 | INFO     | __main__:main:114 - I just loved a story! It was weird.
2025-08-28 21:57:15.293 | INFO     | __main__:main:114 - I just shared an app! It was funny.
2025-08-28 21:57:18.294 | INFO     | __main__:main:114 - I just shared a trick! It was weird.
2025-08-28 21:57:21.296 | INFO     | __main__:main:114 - I just loved an app! It was amazing.
2025-08-28 21:57:24.298 | INFO     | __main__:main:114 - I just shared an app! It was exciting.
2025-08-28 21:57:27.299 | INFO     | __main__:main:114 - I just loved an app! It was boring.
2025-08-28 21:57:30.300 | INFO     | __main__:main:114 - I just loved a story! It was exciting.
2025-08-28 21:57:33.302 | INFO     | __main__:main:114 - I just shared a movie! It was exciting.
2025-08-28 21:57:36.304 | INFO     | __main__:main:114 - I just found an app! It was amazing.
2025-08-28 21:57:39.306 | INFO     | __main__:main:114 - I just tried a story! It was boring.
2025-08-28 21:57:42.308 | INFO     | __main__:main:114 - I just tried a meme! It was weird.
2025-08-28 21:57:45.310 | INFO     | __main__:main:114 - I just saw a meme! It was amazing.
2025-08-28 21:57:48.312 | INFO     | __main__:main:114 - I just saw a story! It was amazing.
2025-08-28 21:57:51.316 | INFO     | __main__:main:114 - I just shared a story! It was funny.
2025-08-28 21:57:54.318 | INFO     | __main__:main:114 - I just shared a story! It was funny.
2025-08-28 21:57:57.319 | INFO     | __main__:main:114 - I just shared a movie! It was funny.
2025-08-28 21:58:00.321 | INFO     | __main__:main:114 - I just shared a movie! It was boring.
2025-08-28 21:58:03.324 | INFO     | __main__:main:114 - I just tried a meme! It was amazing.
2025-08-28 21:58:06.325 | INFO     | __main__:main:114 - I just saw a trick! It was amazing.
2025-08-28 21:58:09.330 | INFO     | __main__:main:114 - I just shared a story! It was exciting.
2025-08-28 21:58:12.331 | INFO     | __main__:main:114 - I just loved a meme! It was weird.
2025-08-28 21:58:15.335 | INFO     | __main__:main:114 - I just tried an app! It was weird.
2025-08-28 21:58:18.336 | INFO     | __main__:main:114 - I just tried a trick! It was exciting.
2025-08-28 21:58:21.338 | INFO     | __main__:main:114 - I just saw a trick! It was weird.
2025-08-28 21:58:24.339 | INFO     | __main__:main:114 - I just loved a movie! It was amazing.
2025-08-28 21:58:27.341 | INFO     | __main__:main:114 - I just shared a story! It was boring.
2025-08-28 21:58:30.342 | INFO     | __main__:main:114 - I just tried an app! It was boring.
2025-08-28 21:58:33.343 | INFO     | __main__:main:114 - I just shared a story! It was boring.
2025-08-28 21:58:36.344 | INFO     | __main__:main:114 - I just found a movie! It was amazing.
2025-08-28 21:58:39.346 | INFO     | __main__:main:114 - I just shared a trick! It was boring.
2025-08-28 21:58:42.349 | INFO     | __main__:main:114 - I just loved an app! It was amazing.
2025-08-28 21:58:45.351 | INFO     | __main__:main:114 - I just loved a meme! It was boring.
2025-08-28 21:58:48.352 | INFO     | __main__:main:114 - I just saw a meme! It was weird.
2025-08-28 21:58:51.353 | INFO     | __main__:main:114 - I just tried a movie! It was weird.
2025-08-28 21:58:54.355 | INFO     | __main__:main:114 - I just found an app! It was boring.
2025-08-28 21:58:57.356 | INFO     | __main__:main:114 - I just saw a story! It was boring.
2025-08-28 21:59:00.357 | INFO     | __main__:main:114 - I just tried an app! It was boring.
2025-08-28 21:59:03.360 | INFO     | __main__:main:114 - I just tried a trick! It was funny.
2025-08-28 21:59:06.362 | INFO     | __main__:main:114 - I just loved a meme! It was funny.
2025-08-28 21:59:09.364 | INFO     | __main__:main:114 - I just shared a meme! It was boring.
2025-08-28 21:59:12.365 | INFO     | __main__:main:114 - I just loved an app! It was amazing.
2025-08-28 21:59:15.368 | INFO     | __main__:main:114 - I just loved a story! It was exciting.
2025-08-28 21:59:18.368 | INFO     | __main__:main:114 - I just shared a story! It was exciting.
2025-08-28 21:59:21.370 | INFO     | __main__:main:114 - I just found a movie! It was amazing.
2025-08-28 21:59:24.371 | INFO     | __main__:main:114 - I just shared a movie! It was amazing.
2025-08-28 21:59:27.373 | INFO     | __main__:main:114 - I just loved a story! It was amazing.
2025-08-28 21:59:30.374 | INFO     | __main__:main:114 - I just saw a story! It was weird.
2025-08-28 21:59:33.375 | INFO     | __main__:main:114 - I just tried a trick! It was amazing.
2025-08-28 21:59:36.377 | INFO     | __main__:main:114 - I just loved a story! It was exciting.
2025-08-28 21:59:39.378 | INFO     | __main__:main:114 - I just found a trick! It was funny.
2025-08-28 21:59:42.379 | INFO     | __main__:main:114 - I just found a meme! It was boring.
2025-08-28 21:59:45.382 | INFO     | __main__:main:114 - I just tried a movie! It was funny.
2025-08-28 21:59:48.382 | INFO     | __main__:main:114 - I just found an app! It was amazing.
2025-08-28 21:59:51.387 | INFO     | __main__:main:114 - I just found a movie! It was boring.
2025-08-28 21:59:54.387 | INFO     | __main__:main:114 - I just shared an app! It was amazing.
2025-08-28 21:59:57.388 | INFO     | __main__:main:114 - I just shared an app! It was weird.
2025-08-28 22:00:00.390 | INFO     | __main__:main:114 - I just shared a story! It was boring.
2025-08-28 22:00:03.392 | INFO     | __main__:main:114 - I just shared an app! It was funny.
2025-08-28 22:00:06.393 | INFO     | __main__:main:114 - I just shared a story! It was boring.
2025-08-28 22:00:09.394 | INFO     | __main__:main:114 - I just shared a movie! It was weird.
2025-08-28 22:00:12.396 | INFO     | __main__:main:114 - I just found a trick! It was weird.
2025-08-28 22:00:15.398 | INFO     | __main__:main:114 - I just found a meme! It was weird.
2025-08-28 22:00:18.400 | INFO     | __main__:main:114 - I just shared a trick! It was funny.
2025-08-28 22:00:21.402 | INFO     | __main__:main:114 - I just tried a story! It was boring.
2025-08-28 22:00:24.403 | INFO     | __main__:main:114 - I just saw a meme! It was funny.
2025-08-28 22:00:27.405 | INFO     | __main__:main:114 - I just tried a story! It was boring.
2025-08-28 22:00:30.406 | INFO     | __main__:main:114 - I just found a meme! It was funny.
2025-08-28 22:00:33.408 | INFO     | __main__:main:114 - I just shared a trick! It was exciting.
2025-08-28 22:00:36.409 | INFO     | __main__:main:114 - I just shared a meme! It was boring.
2025-08-28 22:00:39.410 | INFO     | __main__:main:114 - I just saw an app! It was boring.
2025-08-28 22:00:42.411 | INFO     | __main__:main:114 - I just found a trick! It was boring.
2025-08-28 22:00:45.413 | INFO     | __main__:main:114 - I just found a movie! It was exciting.
2025-08-28 22:00:48.414 | INFO     | __main__:main:114 - I just found an app! It was amazing.
2025-08-28 22:00:51.416 | INFO     | __main__:main:114 - I just shared a story! It was boring.
2025-08-28 22:00:54.418 | INFO     | __main__:main:114 - I just loved a meme! It was funny.
2025-08-28 22:00:57.420 | INFO     | __main__:main:114 - I just tried an app! It was weird.
2025-08-28 22:01:00.421 | INFO     | __main__:main:114 - I just found a story! It was weird.
2025-08-28 22:01:03.422 | INFO     | __main__:main:114 - I just shared an app! It was amazing.
2025-08-28 22:01:06.425 | INFO     | __main__:main:114 - I just found a movie! It was weird.
2025-08-28 22:01:09.427 | INFO     | __main__:main:114 - I just loved a story! It was boring.
2025-08-28 22:01:12.430 | INFO     | __main__:main:114 - I just shared an app! It was funny.
2025-08-28 22:01:15.432 | INFO     | __main__:main:114 - I just loved an app! It was weird.
2025-08-28 22:01:18.435 | INFO     | __main__:main:114 - I just found a movie! It was weird.
2025-08-28 22:01:21.437 | INFO     | __main__:main:114 - I just tried a trick! It was boring.
2025-08-28 22:01:24.439 | INFO     | __main__:main:114 - I just loved a movie! It was funny.
2025-08-28 22:01:27.440 | INFO     | __main__:main:114 - I just loved a movie! It was amazing.
2025-08-28 22:01:30.442 | INFO     | __main__:main:114 - I just tried a trick! It was funny.
2025-08-28 22:01:33.443 | INFO     | __main__:main:114 - I just saw a story! It was funny.
2025-08-28 22:01:36.446 | INFO     | __main__:main:114 - I just loved an app! It was boring.
2025-08-28 22:01:39.447 | INFO     | __main__:main:114 - I just saw a story! It was exciting.
2025-08-28 22:01:42.448 | INFO     | __main__:main:114 - I just shared an app! It was boring.
2025-08-28 22:01:45.450 | INFO     | __main__:main:114 - I just found a movie! It was exciting.
2025-08-28 22:01:48.451 | INFO     | __main__:main:114 - I just found a movie! It was weird.
2025-08-28 22:01:51.454 | INFO     | __main__:main:114 - I just tried a trick! It was weird.
2025-08-28 22:01:54.455 | INFO     | __main__:main:114 - I just saw an app! It was boring.
2025-08-28 22:01:57.457 | INFO     | __main__:main:114 - I just found a meme! It was funny.
2025-08-28 22:02:00.458 | INFO     | __main__:main:114 - I just shared a trick! It was boring.
2025-08-28 22:02:03.460 | INFO     | __main__:main:114 - I just found a story! It was boring.
2025-08-28 22:02:06.462 | INFO     | __main__:main:114 - I just saw an app! It was funny.
2025-08-28 22:02:08.592 | INFO     | utils.utils_logger:<module>:38 - Logging to file: logs\project_log.log
2025-08-28 22:02:08.592 | INFO     | __main__:main:68 - START...
2025-08-28 22:02:08.593 | INFO     | __main__:main:74 - Reading file located at logs\project_log.log.
2025-08-28 22:02:09.463 | INFO     | __main__:main:114 - I just loved a story! It was weird.
2025-08-28 22:02:12.464 | INFO     | __main__:main:114 - I just tried a trick! It was boring.
2025-08-28 22:02:15.465 | INFO     | __main__:main:114 - I just saw an app! It was funny.
2025-08-28 22:02:18.466 | INFO     | __main__:main:114 - I just loved a movie! It was exciting.
2025-08-28 22:02:21.467 | INFO     | __main__:main:114 - I just loved a meme! It was boring.
2025-08-28 22:02:24.469 | INFO     | __main__:main:114 - I just found a story! It was funny.
2025-08-28 22:02:27.471 | INFO     | __main__:main:114 - I just loved a movie! It was weird.
2025-08-28 22:02:30.472 | INFO     | __main__:main:114 - I just saw an app! It was amazing.
2025-08-28 22:02:33.474 | INFO     | __main__:main:114 - I just tried a trick! It was boring.
2025-08-28 22:02:36.474 | INFO     | __main__:main:114 - I just loved a trick! It was weird.
2025-08-28 22:02:39.475 | INFO     | __main__:main:114 - I just loved a trick! It was boring.
2025-08-28 22:02:42.478 | INFO     | __main__:main:114 - I just loved a meme! It was funny.
2025-08-28 22:02:45.480 | INFO     | __main__:main:114 - I just shared an app! It was weird.
2025-08-28 22:02:48.482 | INFO     | __main__:main:114 - I just tried a trick! It was exciting.
2025-08-28 22:02:51.483 | INFO     | __main__:main:114 - I just found a movie! It was amazing.
2025-08-28 22:02:54.484 | INFO     | __main__:main:114 - I just found a trick! It was boring.
2025-08-28 22:02:57.485 | INFO     | __main__:main:114 - I just loved a movie! It was weird.
2025-08-28 22:03:00.487 | INFO     | __main__:main:114 - I just shared a trick! It was exciting.
2025-08-28 22:03:03.488 | INFO     | __main__:main:114 - I just saw an app! It was exciting.
2025-08-28 22:03:06.490 | INFO     | __main__:main:114 - I just shared a movie! It was amazing.
2025-08-28 22:03:09.491 | INFO     | __main__:main:114 - I just tried a movie! It was amazing.
2025-08-28 22:03:12.493 | INFO     | __main__:main:114 - I just tried an app! It was exciting.
2025-08-28 22:03:15.495 | INFO     | __main__:main:114 - I just found an app! It was amazing.
2025-08-28 22:03:18.497 | INFO     | __main__:main:114 - I just loved an app! It was funny.
2025-08-28 22:03:21.498 | INFO     | __main__:main:114 - I just found an app! It was boring.
2025-08-28 22:03:24.500 | INFO     | __main__:main:114 - I just loved a trick! It was exciting.
2025-08-28 22:03:27.501 | INFO     | __main__:main:114 - I just saw a trick! It was weird.
2025-08-28 22:03:30.504 | INFO     | __main__:main:114 - I just tried a story! It was weird.
2025-08-28 22:03:33.505 | INFO     | __main__:main:114 - I just loved a meme! It was weird.
2025-08-28 22:03:36.507 | INFO     | __main__:main:114 - I just tried a trick! It was boring.
2025-08-28 22:03:39.508 | INFO     | __main__:main:114 - I just found a movie! It was weird.
2025-08-28 22:03:42.512 | INFO     | __main__:main:114 - I just saw a trick! It was amazing.
2025-08-28 22:03:45.513 | INFO     | __main__:main:114 - I just tried an app! It was amazing.
2025-08-28 22:03:48.515 | INFO     | __main__:main:114 - I just loved a meme! It was boring.
2025-08-28 22:03:51.516 | INFO     | __main__:main:114 - I just saw a movie! It was weird.
2025-08-28 22:03:54.518 | INFO     | __main__:main:114 - I just loved an app! It was weird.
2025-08-28 22:03:57.519 | INFO     | __main__:main:114 - I just saw a movie! It was weird.
2025-08-28 22:04:00.521 | INFO     | __main__:main:114 - I just found a trick! It was exciting.
2025-08-28 22:04:03.522 | INFO     | __main__:main:114 - I just tried an app! It was weird.
2025-08-28 22:04:06.525 | INFO     | __main__:main:114 - I just loved a meme! It was boring.
2025-08-28 22:04:09.529 | INFO     | __main__:main:114 - I just found a trick! It was weird.
2025-08-28 22:04:12.531 | INFO     | __main__:main:114 - I just tried a meme! It was amazing.
2025-08-28 22:04:15.533 | INFO     | __main__:main:114 - I just shared a meme! It was exciting.
2025-08-28 22:04:18.534 | INFO     | __main__:main:114 - I just tried a meme! It was weird.
2025-08-28 22:04:21.535 | INFO     | __main__:main:114 - I just shared a meme! It was funny.
2025-08-28 22:04:24.536 | INFO     | __main__:main:114 - I just loved a meme! It was amazing.
2025-08-28 22:04:27.539 | INFO     | __main__:main:114 - I just shared a story! It was amazing.
2025-08-28 22:04:30.540 | INFO     | __main__:main:114 - I just saw a movie! It was amazing.
2025-08-28 22:04:33.543 | INFO     | __main__:main:114 - I just loved a trick! It was funny.
2025-08-28 22:04:36.545 | INFO     | __main__:main:114 - I just found a meme! It was exciting.
2025-08-28 22:04:39.547 | INFO     | __main__:main:114 - I just found an app! It was amazing.
2025-08-28 22:04:42.549 | INFO     | __main__:main:114 - I just loved a story! It was boring.
2025-08-28 22:04:45.551 | INFO     | __main__:main:114 - I just shared a trick! It was exciting.
2025-08-28 22:04:48.553 | INFO     | __main__:main:114 - I just found an app! It was funny.
2025-08-28 22:04:51.555 | INFO     | __main__:main:114 - I just tried a story! It was weird.
2025-08-28 22:04:54.556 | INFO     | __main__:main:114 - I just tried a movie! It was funny.
2025-08-28 22:04:57.558 | INFO     | __main__:main:114 - I just saw a movie! It was weird.
2025-08-28 22:05:00.559 | INFO     | __main__:main:114 - I just shared a story! It was amazing.
2025-08-28 22:05:03.560 | INFO     | __main__:main:114 - I just saw an app! It was weird.
2025-08-28 22:05:06.563 | INFO     | __main__:main:114 - I just found a movie! It was exciting.
2025-08-28 22:05:09.565 | INFO     | __main__:main:114 - I just found an app! It was funny.
2025-08-28 22:05:12.567 | INFO     | __main__:main:114 - I just loved a movie! It was amazing.
2025-08-28 22:05:15.568 | INFO     | __main__:main:114 - I just loved a meme! It was boring.
2025-08-28 22:05:18.570 | INFO     | __main__:main:114 - I just found a story! It was boring.
2025-08-28 22:05:21.571 | INFO     | __main__:main:114 - I just loved a movie! It was exciting.
2025-08-28 22:05:24.573 | INFO     | __main__:main:114 - I just loved a meme! It was funny.
2025-08-28 22:05:27.575 | INFO     | __main__:main:114 - I just shared a trick! It was exciting.
2025-08-28 22:05:30.576 | INFO     | __main__:main:114 - I just found a trick! It was boring.
2025-08-28 22:05:33.577 | INFO     | __main__:main:114 - I just tried an app! It was amazing.
2025-08-28 22:05:36.580 | INFO     | __main__:main:114 - I just loved a meme! It was funny.
2025-08-28 22:05:39.581 | INFO     | __main__:main:114 - I just saw an app! It was exciting.
2025-08-28 22:05:42.584 | INFO     | __main__:main:114 - I just found a meme! It was boring.
2025-08-28 22:05:45.586 | INFO     | __main__:main:114 - I just tried a trick! It was amazing.
2025-08-28 22:05:48.589 | INFO     | __main__:main:114 - I just loved an app! It was funny.
2025-08-28 22:05:51.592 | INFO     | __main__:main:114 - I just tried an app! It was boring.
2025-08-28 22:16:41.107 | INFO     | __main__:main:114 - I just shared a story! It was amazing.
2025-08-28 22:16:44.212 | INFO     | __main__:main:114 - I just tried an app! It was funny.
2025-08-28 22:16:47.213 | INFO     | __main__:main:114 - I just tried a movie! It was funny.
2025-08-28 22:16:50.215 | INFO     | __main__:main:114 - I just shared a meme! It was funny.
2025-08-28 22:16:53.216 | INFO     | __main__:main:114 - I just found a meme! It was funny.
2025-08-28 22:16:56.217 | INFO     | __main__:main:114 - I just shared a story! It was amazing.
2025-08-28 22:16:59.219 | INFO     | __main__:main:114 - I just saw an app! It was amazing.
2025-08-28 22:17:02.220 | INFO     | __main__:main:114 - I just tried an app! It was boring.
2025-08-28 22:17:05.221 | INFO     | __main__:main:114 - I just loved an app! It was amazing.
2025-08-28 22:17:08.222 | INFO     | __main__:main:114 - I just found a movie! It was funny.
2025-08-29 17:36:08.343 | INFO     | utils.utils_logger:<module>:38 - Logging to file: logs\project_log.log
2025-08-29 17:36:08.364 | INFO     | __main__:main:120 - START travel producer...
2025-08-29 17:36:08.364 | INFO     | __main__:main:121 - Generating travel buzz messages...
2025-08-29 17:36:08.365 | INFO     | __main__:main:122 - Hit CTRL c (or CMD c) to close.
2025-08-29 17:36:08.365 | INFO     | __main__:get_message_interval:53 - Messages will be sent every 3 seconds.
2025-08-29 17:36:08.366 | INFO     | __main__:main:129 - Travel diary: Today I photographed a local caf. Simply peaceful!
2025-08-29 17:36:11.367 | INFO     | __main__:main:129 - Can't believe I sailed to a famous landmark today. Totally peaceful!
2025-08-29 17:36:14.369 | INFO     | __main__:main:129 - Amazing day! I explored an ancient temple - so challenging.
2025-08-29 17:36:17.370 | INFO     | __main__:main:129 - Travel diary: Today I discovered a local caf. Simply relaxing!
2025-08-29 17:36:20.371 | INFO     | __main__:main:129 - Can't believe I explored a traditional village today. Totally challenging!
2025-08-29 17:36:23.371 | INFO     | __main__:main:129 - Amazing day! I climbed a secret waterfall - so crowded.
2025-08-29 17:36:26.372 | INFO     | __main__:main:129 - Latest adventure: climbed a historic castle. Pretty cultural experience!
2025-08-29 17:36:29.373 | INFO     | __main__:main:129 - Travel update: Just wandered through a bustling market and it was absolutely magical!
2025-08-29 17:36:32.374 | INFO     | __main__:main:129 - Latest adventure: visited a historic castle. Pretty relaxing experience!
2025-08-29 17:36:35.375 | INFO     | __main__:main:129 - Travel diary: Today I climbed a historic castle. Simply peaceful!
2025-08-29 17:36:38.376 | INFO     | __main__:main:129 - Latest adventure: hiked a traditional village. Pretty breathtaking experience!
2025-08-29 17:36:41.377 | INFO     | __main__:main:129 - Update from the road: experienced a famous landmark - incredibly unforgettable.
2025-08-29 17:36:44.378 | INFO     | __main__:main:129 - Latest adventure: visited a hidden beach. Pretty relaxing experience!
2025-08-29 17:36:47.379 | INFO     | __main__:main:129 - Travel update: Just flew over a famous landmark and it was absolutely crowded!
2025-08-29 17:36:50.379 | INFO     | __main__:main:129 - I just experienced a hidden beach! It was adventurous.
2025-08-29 17:36:53.380 | INFO     | __main__:main:129 - Travel update: Just flew over a famous landmark and it was absolutely cultural!
2025-08-29 17:36:56.382 | INFO     | __main__:main:129 - I just wandered through an ancient temple! It was stunning.
2025-08-29 17:36:59.383 | INFO     | __main__:main:129 - Travel diary: Today I explored a traditional village. Simply breathtaking!
2025-08-29 17:37:02.383 | INFO     | __main__:main:129 - Can't believe I photographed a local caf today. Totally challenging!
2025-08-29 17:37:05.384 | INFO     | __main__:main:129 - Amazing day! I hiked a scenic viewpoint - so crowded.
2025-08-29 17:37:08.385 | INFO     | __main__:main:129 - Just explored a secret waterfall. Words can't describe how crowded it was!
2025-08-29 17:37:11.387 | INFO     | __main__:main:129 - Just wandered through a hidden beach. Words can't describe how cultural it was!
2025-08-29 17:37:14.388 | INFO     | __main__:main:129 - Travel update: Just visited a famous landmark and it was absolutely breathtaking!
2025-08-29 17:37:17.389 | INFO     | __main__:main:129 - Travel diary: Today I visited a secret waterfall. Simply peaceful!
2025-08-29 17:37:20.391 | INFO     | __main__:main:129 - Travel update: Just explored a bustling market and it was absolutely crowded!
2025-08-29 17:37:23.393 | INFO     | __main__:main:129 - Update from the road: sailed to a historic castle - incredibly crowded.
2025-08-29 17:37:26.394 | INFO     | __main__:main:129 - Update from the road: visited a local caf - incredibly adventurous.
2025-08-29 17:37:29.395 | INFO     | __main__:main:129 - Travel diary: Today I sailed to a secret waterfall. Simply relaxing!
2025-08-29 17:37:32.395 | INFO     | __main__:main:129 - Just experienced a mountain peak. Words can't describe how adventurous it was!
2025-08-29 17:37:35.396 | INFO     | __main__:main:129 - Just sailed to a traditional village. Words can't describe how crowded it was!
2025-08-29 17:37:38.396 | INFO     | __main__:main:129 - Amazing day! I climbed a bustling market - so adventurous.
2025-08-29 17:37:41.398 | INFO     | __main__:main:129 - Can't believe I explored a local caf today. Totally breathtaking!
2025-08-29 17:37:44.398 | INFO     | __main__:main:129 - Travel diary: Today I discovered a historic castle. Simply peaceful!
2025-08-29 17:37:47.399 | INFO     | __main__:main:129 - Latest adventure: experienced a hidden beach. Pretty breathtaking experience!
2025-08-29 17:37:50.400 | INFO     | __main__:main:129 - Just explored a hidden beach. Words can't describe how stunning it was!
2025-08-29 17:37:53.401 | INFO     | __main__:main:129 - Can't believe I sailed to a scenic viewpoint today. Totally breathtaking!
2025-08-29 17:37:56.402 | INFO     | __main__:main:129 - Update from the road: photographed a bustling market - incredibly stunning.
2025-08-29 17:37:59.402 | INFO     | __main__:main:129 - Amazing day! I sailed to a local caf - so magical.
2025-08-29 17:38:02.403 | INFO     | __main__:main:129 - Amazing day! I flew over an ancient temple - so challenging.
2025-08-29 17:38:05.404 | INFO     | __main__:main:129 - Just flew over a historic castle. Words can't describe how cultural it was!
2025-08-29 17:38:08.405 | INFO     | __main__:main:129 - Travel diary: Today I sailed to a scenic viewpoint. Simply peaceful!
2025-08-29 17:38:11.406 | INFO     | __main__:main:129 - Amazing day! I sailed to a hidden beach - so magical.
2025-08-29 17:38:14.407 | INFO     | __main__:main:129 - I just photographed an ancient temple! It was crowded.
2025-08-29 17:38:17.408 | INFO     | __main__:main:129 - Just experienced a hidden beach. Words can't describe how cultural it was!
2025-08-29 17:38:20.409 | INFO     | __main__:main:129 - Update from the road: experienced a historic castle - incredibly stunning.
2025-08-29 17:38:23.410 | INFO     | __main__:main:129 - Can't believe I experienced a hidden beach today. Totally magical!
2025-08-29 17:38:26.411 | INFO     | __main__:main:129 - Update from the road: sailed to a secret waterfall - incredibly challenging.
2025-08-29 17:38:29.412 | INFO     | __main__:main:129 - Travel update: Just visited an ancient temple and it was absolutely cultural!
2025-08-29 17:38:32.413 | INFO     | __main__:main:129 - Travel diary: Today I wandered through a secret waterfall. Simply cultural!
2025-08-29 17:38:35.414 | INFO     | __main__:main:129 - Can't believe I photographed a famous landmark today. Totally peaceful!
2025-08-29 17:38:38.415 | INFO     | __main__:main:129 - Amazing day! I discovered a famous landmark - so relaxing.
2025-08-29 17:38:41.416 | INFO     | __main__:main:129 - Update from the road: flew over a historic castle - incredibly stunning.
2025-08-29 17:38:44.417 | INFO     | __main__:main:129 - Can't believe I experienced a hidden beach today. Totally unforgettable!
2025-08-29 17:38:47.417 | INFO     | __main__:main:129 - I just flew over a historic castle! It was challenging.
2025-08-29 17:38:50.419 | INFO     | __main__:main:129 - Just flew over a historic castle. Words can't describe how cultural it was!
2025-08-29 17:38:53.420 | INFO     | __main__:main:129 - Latest adventure: experienced a mountain peak. Pretty peaceful experience!
2025-08-29 17:38:56.420 | INFO     | __main__:main:129 - Travel update: Just wandered through a famous landmark and it was absolutely unforgettable!
2025-08-29 17:38:59.422 | INFO     | __main__:main:129 - Travel update: Just explored a famous landmark and it was absolutely cultural!
2025-08-29 17:39:02.423 | INFO     | __main__:main:129 - Just visited a hidden beach. Words can't describe how magical it was!
2025-08-29 17:39:05.424 | INFO     | __main__:main:129 - Update from the road: hiked a traditional village - incredibly cultural.
2025-08-29 17:39:08.425 | INFO     | __main__:main:129 - I just sailed to a historic castle! It was challenging.
2025-08-29 17:39:11.426 | INFO     | __main__:main:129 - Update from the road: discovered a traditional village - incredibly cultural.
2025-08-29 17:39:14.427 | INFO     | __main__:main:129 - Travel diary: Today I explored a traditional village. Simply peaceful!
2025-08-29 17:39:17.428 | INFO     | __main__:main:129 - Just explored a hidden beach. Words can't describe how magical it was!
2025-08-29 17:39:20.430 | INFO     | __main__:main:129 - Amazing day! I hiked an ancient temple - so adventurous.
2025-08-29 17:39:23.431 | INFO     | __main__:main:129 - Just discovered a famous landmark. Words can't describe how cultural it was!
2025-08-29 17:39:26.432 | INFO     | __main__:main:129 - Amazing day! I climbed an ancient temple - so crowded.
2025-08-29 17:39:29.433 | INFO     | __main__:main:129 - Can't believe I hiked a famous landmark today. Totally stunning!
2025-08-29 17:39:32.434 | INFO     | __main__:main:129 - Update from the road: hiked a bustling market - incredibly relaxing.
2025-08-29 17:39:35.436 | INFO     | __main__:main:129 - Just wandered through a historic castle. Words can't describe how magical it was!
2025-08-29 17:39:38.437 | INFO     | __main__:main:129 - Can't believe I explored a secret waterfall today. Totally stunning!
2025-08-29 17:39:41.438 | INFO     | __main__:main:129 - Update from the road: visited a hidden beach - incredibly relaxing.
2025-08-29 17:39:44.439 | INFO     | __main__:main:129 - Travel update: Just sailed to an ancient temple and it was absolutely peaceful!
2025-08-29 17:39:47.440 | INFO     | __main__:main:129 - Amazing day! I photographed a hidden beach - so stunning.
2025-08-29 17:39:50.442 | INFO     | __main__:main:129 - Travel update: Just visited a historic castle and it was absolutely unforgettable!
2025-08-29 17:39:53.443 | INFO     | __main__:main:129 - Travel diary: Today I wandered through a mountain peak. Simply unforgettable!
2025-08-29 17:39:56.444 | INFO     | __main__:main:129 - Update from the road: wandered through a local caf - incredibly stunning.
2025-08-29 17:39:59.446 | INFO     | __main__:main:129 - Travel update: Just discovered a historic castle and it was absolutely adventurous!
2025-08-29 17:40:02.447 | INFO     | __main__:main:129 - Just hiked a famous landmark. Words can't describe how peaceful it was!
2025-08-29 17:40:05.449 | INFO     | __main__:main:129 - Travel update: Just climbed an ancient temple and it was absolutely cultural!
2025-08-29 17:40:08.450 | INFO     | __main__:main:129 - Update from the road: sailed to an ancient temple - incredibly crowded.
2025-08-29 17:40:11.451 | INFO     | __main__:main:129 - Update from the road: discovered a traditional village - incredibly breathtaking.
2025-08-29 17:40:14.452 | INFO     | __main__:main:129 - Travel update: Just discovered a hidden beach and it was absolutely relaxing!
2025-08-29 17:40:17.452 | INFO     | __main__:main:129 - Travel update: Just climbed a hidden beach and it was absolutely crowded!
2025-08-29 17:40:20.454 | INFO     | __main__:main:129 - Travel diary: Today I hiked a famous landmark. Simply magical!
2025-08-29 17:40:23.454 | INFO     | __main__:main:129 - I just climbed a hidden beach! It was stunning.
2025-08-29 17:40:26.456 | INFO     | __main__:main:129 - Travel update: Just climbed a local caf and it was absolutely adventurous!
2025-08-29 17:40:29.457 | INFO     | __main__:main:129 - Can't believe I sailed to a traditional village today. Totally peaceful!
2025-08-29 17:40:32.458 | INFO     | __main__:main:129 - Travel diary: Today I discovered a mountain peak. Simply stunning!
2025-08-29 17:40:35.459 | INFO     | __main__:main:129 - Can't believe I photographed a local caf today. Totally adventurous!
2025-08-29 17:40:38.460 | INFO     | __main__:main:129 - Travel update: Just hiked a famous landmark and it was absolutely challenging!
2025-08-29 17:40:41.461 | INFO     | __main__:main:129 - Latest adventure: wandered through a historic castle. Pretty magical experience!
2025-08-29 17:40:44.462 | INFO     | __main__:main:129 - Amazing day! I explored a famous landmark - so magical.
2025-08-29 17:40:47.464 | INFO     | __main__:main:129 - Update from the road: sailed to a scenic viewpoint - incredibly unforgettable.
2025-08-29 17:40:50.465 | INFO     | __main__:main:129 - Latest adventure: experienced a famous landmark. Pretty crowded experience!
2025-08-29 17:40:53.466 | INFO     | __main__:main:129 - Update from the road: climbed a mountain peak - incredibly peaceful.
2025-08-29 17:40:56.468 | INFO     | __main__:main:129 - Travel diary: Today I discovered a hidden beach. Simply peaceful!
2025-08-29 17:40:59.469 | INFO     | __main__:main:129 - Update from the road: flew over a traditional village - incredibly challenging.
2025-08-29 17:41:02.470 | INFO     | __main__:main:129 - I just climbed a local caf! It was stunning.
2025-08-29 17:41:05.471 | INFO     | __main__:main:129 - Can't believe I experienced a bustling market today. Totally challenging!
2025-08-29 17:41:08.472 | INFO     | __main__:main:129 - Update from the road: experienced a mountain peak - incredibly challenging.
2025-08-29 17:41:11.473 | INFO     | __main__:main:129 - Update from the road: visited a mountain peak - incredibly unforgettable.
2025-08-29 17:41:14.475 | INFO     | __main__:main:129 - Amazing day! I sailed to a historic castle - so challenging.
2025-08-29 17:41:17.477 | INFO     | __main__:main:129 - I just sailed to a traditional village! It was stunning.
2025-08-29 17:41:20.484 | INFO     | __main__:main:129 - Can't believe I visited a hidden beach today. Totally breathtaking!
2025-08-29 17:41:23.485 | INFO     | __main__:main:129 - Can't believe I hiked a bustling market today. Totally magical!
2025-08-29 17:41:26.487 | INFO     | __main__:main:129 - Latest adventure: climbed a mountain peak. Pretty crowded experience!
2025-08-29 17:41:29.488 | INFO     | __main__:main:129 - Just hiked a historic castle. Words can't describe how magical it was!
2025-08-29 17:41:32.489 | INFO     | __main__:main:129 - Latest adventure: experienced a hidden beach. Pretty crowded experience!
2025-08-29 17:41:35.491 | INFO     | __main__:main:129 - Update from the road: climbed a mountain peak - incredibly adventurous.
2025-08-29 17:41:38.492 | INFO     | __main__:main:129 - Just wandered through a secret waterfall. Words can't describe how crowded it was!
2025-08-29 17:41:41.493 | INFO     | __main__:main:129 - Update from the road: explored a bustling market - incredibly adventurous.
2025-08-29 17:41:44.494 | INFO     | __main__:main:129 - Latest adventure: visited a historic castle. Pretty crowded experience!
2025-08-29 17:41:47.495 | INFO     | __main__:main:129 - I just flew over a scenic viewpoint! It was crowded.
2025-08-29 17:41:50.496 | INFO     | __main__:main:129 - Travel diary: Today I photographed an ancient temple. Simply relaxing!
2025-08-29 17:41:53.498 | INFO     | __main__:main:129 - Travel update: Just sailed to an ancient temple and it was absolutely peaceful!
2025-08-29 17:41:56.498 | INFO     | __main__:main:129 - Travel diary: Today I wandered through a bustling market. Simply peaceful!
2025-08-29 17:41:59.499 | INFO     | __main__:main:129 - Latest adventure: experienced a historic castle. Pretty cultural experience!
2025-08-29 17:42:02.500 | INFO     | __main__:main:129 - Latest adventure: visited a famous landmark. Pretty adventurous experience!
2025-08-29 17:42:05.501 | INFO     | __main__:main:129 - Travel update: Just discovered a local caf and it was absolutely stunning!
2025-08-29 17:42:08.503 | INFO     | __main__:main:129 - Update from the road: wandered through a secret waterfall - incredibly breathtaking.
2025-08-29 17:42:11.504 | INFO     | __main__:main:129 - Travel diary: Today I experienced an ancient temple. Simply crowded!
2025-08-29 17:42:14.505 | INFO     | __main__:main:129 - Travel diary: Today I photographed a traditional village. Simply peaceful!
2025-08-29 17:42:17.505 | INFO     | __main__:main:129 - I just visited a bustling market! It was relaxing.
2025-08-29 17:42:20.507 | INFO     | __main__:main:129 - Amazing day! I experienced a hidden beach - so crowded.
2025-08-29 17:42:23.192 | INFO     | utils.utils_logger:<module>:38 - Logging to file: logs\project_log.log
2025-08-29 17:42:23.205 | INFO     | __main__:main:155 - START consumer...
2025-08-29 17:42:23.206 | INFO     | __main__:main:156 - Consuming and processing buzz messages...
2025-08-29 17:42:23.206 | INFO     | __main__:main:157 - Hit CTRL c (or CMD c) to close.
2025-08-29 17:42:23.206 | INFO     | __main__:get_message_interval:53 - Messages will be processed every 3 seconds.
2025-08-29 17:42:23.206 | INFO     | __main__:main:167 - [Message #1] Received buzz: 'Travel diary: Today I climbed a historic castle. Simply unforgettable!' - Status: Processed
2025-08-29 17:42:23.207 | INFO     | __main__:main:177 - Message metadata: {'word_count': 10, 'char_count': 70, 'sentiment': 'positive', 'timestamp': 1756507343.2071579}
2025-08-29 17:42:23.508 | INFO     | __main__:main:129 - Travel update: Just flew over a local caf and it was absolutely challenging!
2025-08-29 17:42:26.208 | INFO     | __main__:main:167 - [Message #2] Consumed: 'Travel diary: Today I climbed a historic castle. Simply unforgettable!' - Action: Logged
2025-08-29 17:42:26.209 | INFO     | __main__:main:177 - Message metadata: {'word_count': 10, 'char_count': 70, 'sentiment': 'positive', 'timestamp': 1756507346.2094994}
2025-08-29 17:42:26.509 | INFO     | __main__:main:129 - Can't believe I photographed a hidden beach today. Totally cultural!
2025-08-29 17:42:29.210 | INFO     | __main__:main:167 - [Message #3] Consumed: 'Can't believe I discovered a local caf today. Totally peaceful!' - Action: Logged
2025-08-29 17:42:29.212 | INFO     | __main__:main:177 - Message metadata: {'word_count': 10, 'char_count': 64, 'sentiment': 'positive', 'timestamp': 1756507349.212532}
2025-08-29 17:42:29.510 | INFO     | __main__:main:129 - Latest adventure: discovered a secret waterfall. Pretty breathtaking experience!
2025-08-29 17:42:32.213 | INFO     | __main__:main:167 - [Message #4] Consumed: 'Just photographed a scenic viewpoint. Words can't describe how stunning it was!' - Action: Logged
2025-08-29 17:42:32.214 | INFO     | __main__:main:177 - Message metadata: {'word_count': 12, 'char_count': 79, 'sentiment': 'positive', 'timestamp': 1756507352.2142758}
2025-08-29 17:42:32.511 | INFO     | __main__:main:129 - Travel update: Just discovered a bustling market and it was absolutely breathtaking!
2025-08-29 17:42:35.214 | INFO     | __main__:main:167 - [Message #5] Received buzz: 'Travel diary: Today I climbed a historic castle. Simply unforgettable!' - Status: Processed
2025-08-29 17:42:35.215 | INFO     | __main__:main:177 - Message metadata: {'word_count': 10, 'char_count': 70, 'sentiment': 'positive', 'timestamp': 1756507355.2158134}
2025-08-29 17:42:35.512 | INFO     | __main__:main:129 - Latest adventure: discovered a traditional village. Pretty unforgettable experience!
2025-08-29 17:42:38.216 | INFO     | __main__:main:167 - [Message #6] Incoming: 'I just visited a hidden beach! It was breathtaking.' - Processing: Complete
2025-08-29 17:42:38.217 | INFO     | __main__:main:177 - Message metadata: {'word_count': 9, 'char_count': 51, 'sentiment': 'positive', 'timestamp': 1756507358.2171154}
2025-08-29 17:42:38.513 | INFO     | __main__:main:129 - Travel update: Just experienced a mountain peak and it was absolutely magical!
2025-08-29 17:42:41.217 | INFO     | __main__:main:167 - [Message #7] Message handled: 'I just visited a hidden beach! It was breathtaking.' - Result: Success
2025-08-29 17:42:41.218 | INFO     | __main__:main:177 - Message metadata: {'word_count': 9, 'char_count': 51, 'sentiment': 'positive', 'timestamp': 1756507361.2187362}
2025-08-29 17:42:41.515 | INFO     | __main__:main:129 - Just visited a scenic viewpoint. Words can't describe how peaceful it was!
2025-08-29 17:42:44.219 | INFO     | __main__:main:167 - [Message #8] Message handled: 'Update from the road: sailed to a secret waterfall - incredibly adventurous.' - Result: Success
2025-08-29 17:42:44.219 | INFO     | __main__:main:177 - Message metadata: {'word_count': 12, 'char_count': 76, 'sentiment': 'neutral', 'timestamp': 1756507364.219948}
2025-08-29 17:42:44.516 | INFO     | __main__:main:129 - Travel diary: Today I climbed a bustling market. Simply relaxing!
2025-08-29 17:42:47.220 | INFO     | __main__:main:167 - [Message #9] Received buzz: 'I just visited a hidden beach! It was breathtaking.' - Status: Processed
2025-08-29 17:42:47.221 | INFO     | __main__:main:177 - Message metadata: {'word_count': 9, 'char_count': 51, 'sentiment': 'positive', 'timestamp': 1756507367.2210355}
2025-08-29 17:42:47.516 | INFO     | __main__:main:129 - Travel diary: Today I flew over a scenic viewpoint. Simply stunning!
2025-08-29 17:42:50.221 | INFO     | __main__:main:167 - [Message #10] Received buzz: 'Travel update: Just explored an ancient temple and it was absolutely magical!' - Status: Processed
2025-08-29 17:42:50.222 | INFO     | __main__:main:177 - Message metadata: {'word_count': 12, 'char_count': 77, 'sentiment': 'positive', 'timestamp': 1756507370.222433}
2025-08-29 17:42:50.517 | INFO     | __main__:main:129 - Travel update: Just wandered through a scenic viewpoint and it was absolutely unforgettable!
2025-08-29 17:42:53.223 | INFO     | __main__:main:167 - [Message #11] Message handled: 'I just visited a hidden beach! It was breathtaking.' - Result: Success
2025-08-29 17:42:53.223 | INFO     | __main__:main:177 - Message metadata: {'word_count': 9, 'char_count': 51, 'sentiment': 'positive', 'timestamp': 1756507373.2239614}
2025-08-29 17:42:53.519 | INFO     | __main__:main:129 - Travel diary: Today I flew over a local caf. Simply magical!
2025-08-29 17:42:56.224 | INFO     | __main__:main:167 - [Message #12] Received buzz: 'I just visited a hidden beach! It was breathtaking.' - Status: Processed
2025-08-29 17:42:56.225 | INFO     | __main__:main:177 - Message metadata: {'word_count': 9, 'char_count': 51, 'sentiment': 'positive', 'timestamp': 1756507376.225695}
2025-08-29 17:42:56.520 | INFO     | __main__:main:129 - I just photographed an ancient temple! It was unforgettable.
2025-08-29 17:42:59.226 | INFO     | __main__:main:167 - [Message #13] Processing message: 'I just visited a hidden beach! It was breathtaking.' - Status: Received
2025-08-29 17:42:59.227 | INFO     | __main__:main:177 - Message metadata: {'word_count': 9, 'char_count': 51, 'sentiment': 'positive', 'timestamp': 1756507379.2272806}
2025-08-29 17:42:59.520 | INFO     | __main__:main:129 - Update from the road: discovered a historic castle - incredibly crowded.
2025-08-29 17:43:02.228 | INFO     | __main__:main:167 - [Message #14] Incoming: 'Travel diary: Today I climbed a historic castle. Simply unforgettable!' - Processing: Complete
2025-08-29 17:43:02.228 | INFO     | __main__:main:177 - Message metadata: {'word_count': 10, 'char_count': 70, 'sentiment': 'positive', 'timestamp': 1756507382.2288}
2025-08-29 17:43:02.521 | INFO     | __main__:main:129 - Travel diary: Today I climbed a historic castle. Simply magical!
2025-08-29 17:43:05.522 | INFO     | __main__:main:129 - Travel update: Just visited a traditional village and it was absolutely peaceful!
2025-08-29 17:43:08.523 | INFO     | __main__:main:129 - Update from the road: photographed a scenic viewpoint - incredibly stunning.
2025-08-29 17:43:11.523 | INFO     | __main__:main:129 - Travel diary: Today I explored a traditional village. Simply unforgettable!
2025-08-29 17:43:14.525 | INFO     | __main__:main:129 - Travel update: Just wandered through a scenic viewpoint and it was absolutely unforgettable!
2025-08-29 17:43:17.526 | INFO     | __main__:main:129 - I just photographed a hidden beach! It was adventurous.
2025-08-29 17:43:20.527 | INFO     | __main__:main:129 - Travel update: Just wandered through a mountain peak and it was absolutely stunning!
